{"/Users/malcolmmarshall/Desktop/HR/project-catwalk/config.js": {"path":"/Users/malcolmmarshall/Desktop/HR/project-catwalk/config.js","statementMap":{},"fnMap":{},"branchMap":{},"s":{},"f":{},"b":{},"_coverageSchema":"1a1c01bbd47fc00a2c39e90264f33305004495a9","hash":"768e5ca949759ace090156798c6875fc31c995ca"}
,"/Users/malcolmmarshall/Desktop/HR/project-catwalk/components/Comparison-Dorien/Comparison.jsx": {"path":"/Users/malcolmmarshall/Desktop/HR/project-catwalk/components/Comparison-Dorien/Comparison.jsx","statementMap":{"0":{"start":{"line":10,"column":19},"end":{"line":158,"column":1}},"1":{"start":{"line":11,"column":34},"end":{"line":11,"column":46}},"2":{"start":{"line":12,"column":38},"end":{"line":12,"column":53}},"3":{"start":{"line":13,"column":42},"end":{"line":13,"column":57}},"4":{"start":{"line":14,"column":50},"end":{"line":14,"column":64}},"5":{"start":{"line":15,"column":40},"end":{"line":15,"column":54}},"6":{"start":{"line":17,"column":31},"end":{"line":44,"column":3}},"7":{"start":{"line":18,"column":20},"end":{"line":24,"column":5}},"8":{"start":{"line":25,"column":4},"end":{"line":43,"column":9}},"9":{"start":{"line":27,"column":8},"end":{"line":39,"column":9}},"10":{"start":{"line":28,"column":39},"end":{"line":28,"column":64}},"11":{"start":{"line":29,"column":10},"end":{"line":31,"column":11}},"12":{"start":{"line":30,"column":12},"end":{"line":30,"column":88}},"13":{"start":{"line":32,"column":10},"end":{"line":32,"column":53}},"14":{"start":{"line":33,"column":10},"end":{"line":33,"column":51}},"15":{"start":{"line":34,"column":10},"end":{"line":34,"column":54}},"16":{"start":{"line":36,"column":10},"end":{"line":36,"column":59}},"17":{"start":{"line":37,"column":10},"end":{"line":37,"column":57}},"18":{"start":{"line":38,"column":10},"end":{"line":38,"column":60}},"19":{"start":{"line":42,"column":8},"end":{"line":42,"column":25}},"20":{"start":{"line":46,"column":29},"end":{"line":58,"column":3}},"21":{"start":{"line":47,"column":16},"end":{"line":47,"column":18}},"22":{"start":{"line":48,"column":4},"end":{"line":50,"column":7}},"23":{"start":{"line":49,"column":6},"end":{"line":49,"column":147}},"24":{"start":{"line":51,"column":4},"end":{"line":57,"column":9}},"25":{"start":{"line":53,"column":8},"end":{"line":53,"column":29}},"26":{"start":{"line":56,"column":8},"end":{"line":56,"column":25}},"27":{"start":{"line":61,"column":27},"end":{"line":85,"column":3}},"28":{"start":{"line":62,"column":16},"end":{"line":62,"column":18}},"29":{"start":{"line":63,"column":21},"end":{"line":63,"column":23}},"30":{"start":{"line":64,"column":16},"end":{"line":64,"column":18}},"31":{"start":{"line":65,"column":4},"end":{"line":67,"column":7}},"32":{"start":{"line":66,"column":6},"end":{"line":66,"column":154}},"33":{"start":{"line":68,"column":4},"end":{"line":84,"column":9}},"34":{"start":{"line":70,"column":8},"end":{"line":78,"column":11}},"35":{"start":{"line":71,"column":10},"end":{"line":75,"column":11}},"36":{"start":{"line":72,"column":12},"end":{"line":72,"column":85}},"37":{"start":{"line":74,"column":12},"end":{"line":74,"column":1070}},"38":{"start":{"line":77,"column":10},"end":{"line":77,"column":64}},"39":{"start":{"line":79,"column":8},"end":{"line":79,"column":27}},"40":{"start":{"line":80,"column":8},"end":{"line":80,"column":34}},"41":{"start":{"line":83,"column":8},"end":{"line":83,"column":25}},"42":{"start":{"line":87,"column":30},"end":{"line":100,"column":3}},"43":{"start":{"line":88,"column":16},"end":{"line":88,"column":18}},"44":{"start":{"line":89,"column":16},"end":{"line":89,"column":18}},"45":{"start":{"line":90,"column":4},"end":{"line":92,"column":7}},"46":{"start":{"line":91,"column":6},"end":{"line":91,"column":162}},"47":{"start":{"line":93,"column":4},"end":{"line":99,"column":9}},"48":{"start":{"line":95,"column":8},"end":{"line":97,"column":11}},"49":{"start":{"line":96,"column":10},"end":{"line":96,"column":84}},"50":{"start":{"line":98,"column":8},"end":{"line":98,"column":28}},"51":{"start":{"line":102,"column":29},"end":{"line":113,"column":3}},"52":{"start":{"line":103,"column":21},"end":{"line":103,"column":22}},"53":{"start":{"line":104,"column":22},"end":{"line":104,"column":23}},"54":{"start":{"line":105,"column":14},"end":{"line":105,"column":16}},"55":{"start":{"line":106,"column":17},"end":{"line":106,"column":40}},"56":{"start":{"line":107,"column":19},"end":{"line":107,"column":44}},"57":{"start":{"line":108,"column":4},"end":{"line":111,"column":5}},"58":{"start":{"line":108,"column":17},"end":{"line":108,"column":18}},"59":{"start":{"line":109,"column":6},"end":{"line":109,"column":56}},"60":{"start":{"line":110,"column":6},"end":{"line":110,"column":39}},"61":{"start":{"line":112,"column":4},"end":{"line":112,"column":49}},"62":{"start":{"line":115,"column":24},"end":{"line":120,"column":3}},"63":{"start":{"line":116,"column":4},"end":{"line":116,"column":25}},"64":{"start":{"line":117,"column":4},"end":{"line":117,"column":20}},"65":{"start":{"line":118,"column":4},"end":{"line":118,"column":25}},"66":{"start":{"line":119,"column":4},"end":{"line":119,"column":27}},"67":{"start":{"line":122,"column":2},"end":{"line":124,"column":18}},"68":{"start":{"line":123,"column":4},"end":{"line":123,"column":27}},"69":{"start":{"line":126,"column":2},"end":{"line":157,"column":4}}},"fnMap":{"0":{"name":"(anonymous_0)","decl":{"start":{"line":10,"column":19},"end":{"line":10,"column":20}},"loc":{"start":{"line":10,"column":97},"end":{"line":158,"column":1}},"line":10},"1":{"name":"(anonymous_1)","decl":{"start":{"line":17,"column":31},"end":{"line":17,"column":32}},"loc":{"start":{"line":17,"column":37},"end":{"line":44,"column":3}},"line":17},"2":{"name":"(anonymous_2)","decl":{"start":{"line":26,"column":12},"end":{"line":26,"column":13}},"loc":{"start":{"line":26,"column":24},"end":{"line":40,"column":7}},"line":26},"3":{"name":"(anonymous_3)","decl":{"start":{"line":41,"column":13},"end":{"line":41,"column":14}},"loc":{"start":{"line":41,"column":22},"end":{"line":43,"column":7}},"line":41},"4":{"name":"(anonymous_4)","decl":{"start":{"line":46,"column":29},"end":{"line":46,"column":30}},"loc":{"start":{"line":46,"column":45},"end":{"line":58,"column":3}},"line":46},"5":{"name":"(anonymous_5)","decl":{"start":{"line":48,"column":19},"end":{"line":48,"column":20}},"loc":{"start":{"line":48,"column":32},"end":{"line":50,"column":5}},"line":48},"6":{"name":"(anonymous_6)","decl":{"start":{"line":52,"column":12},"end":{"line":52,"column":13}},"loc":{"start":{"line":52,"column":25},"end":{"line":54,"column":7}},"line":52},"7":{"name":"(anonymous_7)","decl":{"start":{"line":55,"column":13},"end":{"line":55,"column":14}},"loc":{"start":{"line":55,"column":22},"end":{"line":57,"column":7}},"line":55},"8":{"name":"(anonymous_8)","decl":{"start":{"line":61,"column":27},"end":{"line":61,"column":28}},"loc":{"start":{"line":61,"column":43},"end":{"line":85,"column":3}},"line":61},"9":{"name":"(anonymous_9)","decl":{"start":{"line":65,"column":19},"end":{"line":65,"column":20}},"loc":{"start":{"line":65,"column":32},"end":{"line":67,"column":5}},"line":65},"10":{"name":"(anonymous_10)","decl":{"start":{"line":69,"column":12},"end":{"line":69,"column":13}},"loc":{"start":{"line":69,"column":25},"end":{"line":81,"column":7}},"line":69},"11":{"name":"(anonymous_11)","decl":{"start":{"line":70,"column":20},"end":{"line":70,"column":21}},"loc":{"start":{"line":70,"column":30},"end":{"line":78,"column":9}},"line":70},"12":{"name":"(anonymous_12)","decl":{"start":{"line":82,"column":13},"end":{"line":82,"column":14}},"loc":{"start":{"line":82,"column":22},"end":{"line":84,"column":7}},"line":82},"13":{"name":"(anonymous_13)","decl":{"start":{"line":87,"column":30},"end":{"line":87,"column":31}},"loc":{"start":{"line":87,"column":46},"end":{"line":100,"column":3}},"line":87},"14":{"name":"(anonymous_14)","decl":{"start":{"line":90,"column":19},"end":{"line":90,"column":20}},"loc":{"start":{"line":90,"column":32},"end":{"line":92,"column":5}},"line":90},"15":{"name":"(anonymous_15)","decl":{"start":{"line":94,"column":12},"end":{"line":94,"column":13}},"loc":{"start":{"line":94,"column":25},"end":{"line":99,"column":7}},"line":94},"16":{"name":"(anonymous_16)","decl":{"start":{"line":95,"column":20},"end":{"line":95,"column":21}},"loc":{"start":{"line":95,"column":34},"end":{"line":97,"column":9}},"line":95},"17":{"name":"(anonymous_17)","decl":{"start":{"line":102,"column":29},"end":{"line":102,"column":30}},"loc":{"start":{"line":102,"column":45},"end":{"line":113,"column":3}},"line":102},"18":{"name":"(anonymous_18)","decl":{"start":{"line":115,"column":24},"end":{"line":115,"column":25}},"loc":{"start":{"line":115,"column":36},"end":{"line":120,"column":3}},"line":115},"19":{"name":"(anonymous_19)","decl":{"start":{"line":122,"column":12},"end":{"line":122,"column":13}},"loc":{"start":{"line":122,"column":18},"end":{"line":124,"column":3}},"line":122}},"branchMap":{"0":{"loc":{"start":{"line":27,"column":8},"end":{"line":39,"column":9}},"type":"if","locations":[{"start":{"line":27,"column":8},"end":{"line":39,"column":9}},{"start":{"line":27,"column":8},"end":{"line":39,"column":9}}],"line":27},"1":{"loc":{"start":{"line":29,"column":10},"end":{"line":31,"column":11}},"type":"if","locations":[{"start":{"line":29,"column":10},"end":{"line":31,"column":11}},{"start":{"line":29,"column":10},"end":{"line":31,"column":11}}],"line":29},"2":{"loc":{"start":{"line":71,"column":10},"end":{"line":75,"column":11}},"type":"if","locations":[{"start":{"line":71,"column":10},"end":{"line":75,"column":11}},{"start":{"line":71,"column":10},"end":{"line":75,"column":11}}],"line":71},"3":{"loc":{"start":{"line":129,"column":9},"end":{"line":146,"column":16}},"type":"cond-expr","locations":[{"start":{"line":131,"column":12},"end":{"line":144,"column":14}},{"start":{"line":146,"column":12},"end":{"line":146,"column":16}}],"line":129},"4":{"loc":{"start":{"line":129,"column":9},"end":{"line":129,"column":73}},"type":"binary-expr","locations":[{"start":{"line":129,"column":9},"end":{"line":129,"column":28}},{"start":{"line":129,"column":32},"end":{"line":129,"column":42}},{"start":{"line":129,"column":46},"end":{"line":129,"column":58}},{"start":{"line":129,"column":62},"end":{"line":129,"column":73}}],"line":129}},"s":{"0":3,"1":0,"2":0,"3":0,"4":0,"5":0,"6":0,"7":0,"8":0,"9":0,"10":0,"11":0,"12":0,"13":0,"14":0,"15":0,"16":0,"17":0,"18":0,"19":0,"20":0,"21":0,"22":0,"23":0,"24":0,"25":0,"26":0,"27":0,"28":0,"29":0,"30":0,"31":0,"32":0,"33":0,"34":0,"35":0,"36":0,"37":0,"38":0,"39":0,"40":0,"41":0,"42":0,"43":0,"44":0,"45":0,"46":0,"47":0,"48":0,"49":0,"50":0,"51":0,"52":0,"53":0,"54":0,"55":0,"56":0,"57":0,"58":0,"59":0,"60":0,"61":0,"62":0,"63":0,"64":0,"65":0,"66":0,"67":0,"68":0,"69":0},"f":{"0":0,"1":0,"2":0,"3":0,"4":0,"5":0,"6":0,"7":0,"8":0,"9":0,"10":0,"11":0,"12":0,"13":0,"14":0,"15":0,"16":0,"17":0,"18":0,"19":0},"b":{"0":[0,0],"1":[0,0],"2":[0,0],"3":[0,0],"4":[0,0,0,0]},"_coverageSchema":"1a1c01bbd47fc00a2c39e90264f33305004495a9","hash":"9845d83fe5ad05dcb3de128bc29c80cbd513f22a"}
,"/Users/malcolmmarshall/Desktop/HR/project-catwalk/components/Comparison-Dorien/components/Comparison-Modal.jsx": {"path":"/Users/malcolmmarshall/Desktop/HR/project-catwalk/components/Comparison-Dorien/components/Comparison-Modal.jsx","statementMap":{"0":{"start":{"line":8,"column":25},"end":{"line":110,"column":1}},"1":{"start":{"line":9,"column":19},"end":{"line":9,"column":31}},"2":{"start":{"line":10,"column":2},"end":{"line":10,"column":29}},"3":{"start":{"line":11,"column":2},"end":{"line":11,"column":25}},"4":{"start":{"line":13,"column":20},"end":{"line":13,"column":22}},"5":{"start":{"line":14,"column":20},"end":{"line":14,"column":22}},"6":{"start":{"line":15,"column":21},"end":{"line":15,"column":23}},"7":{"start":{"line":16,"column":21},"end":{"line":16,"column":23}},"8":{"start":{"line":17,"column":22},"end":{"line":17,"column":24}},"9":{"start":{"line":18,"column":22},"end":{"line":18,"column":24}},"10":{"start":{"line":19,"column":18},"end":{"line":19,"column":20}},"11":{"start":{"line":23,"column":2},"end":{"line":36,"column":1}},"12":{"start":{"line":24,"column":4},"end":{"line":24,"column":60}},"13":{"start":{"line":25,"column":4},"end":{"line":25,"column":60}},"14":{"start":{"line":26,"column":4},"end":{"line":26,"column":62}},"15":{"start":{"line":27,"column":4},"end":{"line":27,"column":64}},"16":{"start":{"line":28,"column":4},"end":{"line":28,"column":64}},"17":{"start":{"line":29,"column":4},"end":{"line":29,"column":52}},"18":{"start":{"line":30,"column":4},"end":{"line":30,"column":77}},"19":{"start":{"line":38,"column":2},"end":{"line":109,"column":4}}},"fnMap":{"0":{"name":"(anonymous_0)","decl":{"start":{"line":8,"column":25},"end":{"line":8,"column":26}},"loc":{"start":{"line":8,"column":36},"end":{"line":110,"column":1}},"line":8}},"branchMap":{"0":{"loc":{"start":{"line":23,"column":2},"end":{"line":36,"column":1}},"type":"if","locations":[{"start":{"line":23,"column":2},"end":{"line":36,"column":1}},{"start":{"line":23,"column":2},"end":{"line":36,"column":1}}],"line":23},"1":{"loc":{"start":{"line":39,"column":5},"end":{"line":107,"column":5}},"type":"binary-expr","locations":[{"start":{"line":39,"column":5},"end":{"line":39,"column":20}},{"start":{"line":41,"column":4},"end":{"line":106,"column":19}}],"line":39},"2":{"loc":{"start":{"line":77,"column":15},"end":{"line":84,"column":22}},"type":"cond-expr","locations":[{"start":{"line":78,"column":16},"end":{"line":83,"column":19}},{"start":{"line":84,"column":18},"end":{"line":84,"column":22}}],"line":77},"3":{"loc":{"start":{"line":77,"column":15},"end":{"line":77,"column":69}},"type":"binary-expr","locations":[{"start":{"line":77,"column":15},"end":{"line":77,"column":38}},{"start":{"line":77,"column":42},"end":{"line":77,"column":69}}],"line":77},"4":{"loc":{"start":{"line":91,"column":15},"end":{"line":98,"column":22}},"type":"cond-expr","locations":[{"start":{"line":92,"column":16},"end":{"line":97,"column":19}},{"start":{"line":98,"column":18},"end":{"line":98,"column":22}}],"line":91},"5":{"loc":{"start":{"line":91,"column":15},"end":{"line":91,"column":69}},"type":"binary-expr","locations":[{"start":{"line":91,"column":15},"end":{"line":91,"column":38}},{"start":{"line":91,"column":42},"end":{"line":91,"column":69}}],"line":91}},"s":{"0":3,"1":0,"2":0,"3":0,"4":0,"5":0,"6":0,"7":0,"8":0,"9":0,"10":0,"11":0,"12":0,"13":0,"14":0,"15":0,"16":0,"17":0,"18":0,"19":0},"f":{"0":0},"b":{"0":[0,0],"1":[0,0],"2":[0,0],"3":[0,0],"4":[0,0],"5":[0,0]},"_coverageSchema":"1a1c01bbd47fc00a2c39e90264f33305004495a9","hash":"cd599f8a806be938a0bb5cb4a5a58474ef01d74d"}
,"/Users/malcolmmarshall/Desktop/HR/project-catwalk/components/Comparison-Dorien/components/OutfitList.jsx": {"path":"/Users/malcolmmarshall/Desktop/HR/project-catwalk/components/Comparison-Dorien/components/OutfitList.jsx","statementMap":{"0":{"start":{"line":13,"column":19},"end":{"line":522,"column":1}},"1":{"start":{"line":16,"column":38},"end":{"line":16,"column":50}},"2":{"start":{"line":17,"column":40},"end":{"line":17,"column":55}},"3":{"start":{"line":18,"column":44},"end":{"line":18,"column":59}},"4":{"start":{"line":19,"column":28},"end":{"line":19,"column":40}},"5":{"start":{"line":20,"column":50},"end":{"line":20,"column":62}},"6":{"start":{"line":21,"column":40},"end":{"line":21,"column":52}},"7":{"start":{"line":22,"column":50},"end":{"line":22,"column":65}},"8":{"start":{"line":24,"column":20},"end":{"line":26,"column":3}},"9":{"start":{"line":29,"column":4},"end":{"line":29,"column":77}},"10":{"start":{"line":30,"column":4},"end":{"line":30,"column":90}},"11":{"start":{"line":32,"column":4},"end":{"line":32,"column":27}},"12":{"start":{"line":36,"column":19},"end":{"line":36,"column":79}},"13":{"start":{"line":36,"column":33},"end":{"line":36,"column":79}},"14":{"start":{"line":39,"column":19},"end":{"line":39,"column":65}},"15":{"start":{"line":39,"column":28},"end":{"line":39,"column":65}},"16":{"start":{"line":42,"column":22},"end":{"line":49,"column":3}},"17":{"start":{"line":43,"column":18},"end":{"line":43,"column":31}},"18":{"start":{"line":44,"column":4},"end":{"line":44,"column":23}},"19":{"start":{"line":45,"column":4},"end":{"line":45,"column":33}},"20":{"start":{"line":46,"column":4},"end":{"line":48,"column":5}},"21":{"start":{"line":47,"column":6},"end":{"line":47,"column":27}},"22":{"start":{"line":51,"column":2},"end":{"line":53,"column":32}},"23":{"start":{"line":52,"column":4},"end":{"line":52,"column":31}},"24":{"start":{"line":55,"column":2},"end":{"line":126,"column":35}},"25":{"start":{"line":56,"column":4},"end":{"line":58,"column":5}},"26":{"start":{"line":57,"column":6},"end":{"line":57,"column":44}},"27":{"start":{"line":59,"column":4},"end":{"line":61,"column":5}},"28":{"start":{"line":60,"column":6},"end":{"line":60,"column":46}},"29":{"start":{"line":62,"column":4},"end":{"line":99,"column":5}},"30":{"start":{"line":63,"column":22},"end":{"line":63,"column":32}},"31":{"start":{"line":64,"column":6},"end":{"line":98,"column":7}},"32":{"start":{"line":65,"column":20},"end":{"line":70,"column":9}},"33":{"start":{"line":71,"column":8},"end":{"line":77,"column":9}},"34":{"start":{"line":72,"column":10},"end":{"line":72,"column":28}},"35":{"start":{"line":73,"column":10},"end":{"line":73,"column":33}},"36":{"start":{"line":74,"column":10},"end":{"line":74,"column":32}},"37":{"start":{"line":75,"column":10},"end":{"line":75,"column":42}},"38":{"start":{"line":76,"column":10},"end":{"line":76,"column":36}},"39":{"start":{"line":78,"column":8},"end":{"line":78,"column":31}},"40":{"start":{"line":79,"column":13},"end":{"line":98,"column":7}},"41":{"start":{"line":80,"column":25},"end":{"line":80,"column":36}},"42":{"start":{"line":81,"column":8},"end":{"line":97,"column":9}},"43":{"start":{"line":82,"column":22},"end":{"line":87,"column":11}},"44":{"start":{"line":88,"column":10},"end":{"line":94,"column":11}},"45":{"start":{"line":89,"column":12},"end":{"line":89,"column":31}},"46":{"start":{"line":90,"column":12},"end":{"line":90,"column":37}},"47":{"start":{"line":91,"column":12},"end":{"line":91,"column":34}},"48":{"start":{"line":92,"column":12},"end":{"line":92,"column":46}},"49":{"start":{"line":93,"column":12},"end":{"line":93,"column":38}},"50":{"start":{"line":96,"column":10},"end":{"line":96,"column":34}},"51":{"start":{"line":100,"column":4},"end":{"line":124,"column":5}},"52":{"start":{"line":101,"column":6},"end":{"line":101,"column":36}},"53":{"start":{"line":102,"column":6},"end":{"line":116,"column":7}},"54":{"start":{"line":103,"column":27},"end":{"line":103,"column":37}},"55":{"start":{"line":104,"column":8},"end":{"line":104,"column":36}},"56":{"start":{"line":105,"column":8},"end":{"line":111,"column":9}},"57":{"start":{"line":106,"column":30},"end":{"line":106,"column":41}},"58":{"start":{"line":107,"column":30},"end":{"line":107,"column":54}},"59":{"start":{"line":108,"column":10},"end":{"line":108,"column":38}},"60":{"start":{"line":109,"column":10},"end":{"line":109,"column":42}},"61":{"start":{"line":110,"column":10},"end":{"line":110,"column":40}},"62":{"start":{"line":112,"column":8},"end":{"line":112,"column":34}},"63":{"start":{"line":113,"column":8},"end":{"line":113,"column":41}},"64":{"start":{"line":114,"column":8},"end":{"line":114,"column":32}},"65":{"start":{"line":115,"column":8},"end":{"line":115,"column":35}},"66":{"start":{"line":117,"column":6},"end":{"line":123,"column":7}},"67":{"start":{"line":118,"column":28},"end":{"line":118,"column":39}},"68":{"start":{"line":119,"column":8},"end":{"line":119,"column":37}},"69":{"start":{"line":120,"column":8},"end":{"line":120,"column":36}},"70":{"start":{"line":121,"column":8},"end":{"line":121,"column":42}},"71":{"start":{"line":122,"column":8},"end":{"line":122,"column":32}},"72":{"start":{"line":125,"column":4},"end":{"line":125,"column":63}},"73":{"start":{"line":125,"column":41},"end":{"line":125,"column":63}},"74":{"start":{"line":130,"column":26},"end":{"line":134,"column":3}},"75":{"start":{"line":131,"column":4},"end":{"line":133,"column":5}},"76":{"start":{"line":132,"column":6},"end":{"line":132,"column":24}},"77":{"start":{"line":136,"column":2},"end":{"line":521,"column":4}},"78":{"start":{"line":142,"column":49},"end":{"line":142,"column":70}},"79":{"start":{"line":161,"column":82},"end":{"line":161,"column":118}},"80":{"start":{"line":162,"column":54},"end":{"line":162,"column":70}},"81":{"start":{"line":198,"column":24},"end":{"line":231,"column":31}},"82":{"start":{"line":200,"column":86},"end":{"line":200,"column":113}},"83":{"start":{"line":202,"column":39},"end":{"line":202,"column":55}},"84":{"start":{"line":239,"column":24},"end":{"line":272,"column":31}},"85":{"start":{"line":241,"column":86},"end":{"line":241,"column":113}},"86":{"start":{"line":243,"column":39},"end":{"line":243,"column":55}},"87":{"start":{"line":294,"column":80},"end":{"line":294,"column":117}},"88":{"start":{"line":295,"column":52},"end":{"line":295,"column":68}},"89":{"start":{"line":331,"column":22},"end":{"line":364,"column":29}},"90":{"start":{"line":333,"column":84},"end":{"line":333,"column":111}},"91":{"start":{"line":335,"column":35},"end":{"line":335,"column":51}},"92":{"start":{"line":373,"column":24},"end":{"line":406,"column":31}},"93":{"start":{"line":375,"column":86},"end":{"line":375,"column":113}},"94":{"start":{"line":377,"column":35},"end":{"line":377,"column":51}},"95":{"start":{"line":413,"column":24},"end":{"line":446,"column":31}},"96":{"start":{"line":415,"column":86},"end":{"line":415,"column":113}},"97":{"start":{"line":417,"column":35},"end":{"line":417,"column":51}}},"fnMap":{"0":{"name":"(anonymous_0)","decl":{"start":{"line":13,"column":19},"end":{"line":13,"column":20}},"loc":{"start":{"line":15,"column":6},"end":{"line":522,"column":1}},"line":15},"1":{"name":"removeOutfit","decl":{"start":{"line":28,"column":11},"end":{"line":28,"column":23}},"loc":{"start":{"line":28,"column":27},"end":{"line":33,"column":3}},"line":28},"2":{"name":"(anonymous_2)","decl":{"start":{"line":36,"column":19},"end":{"line":36,"column":20}},"loc":{"start":{"line":36,"column":33},"end":{"line":36,"column":79}},"line":36},"3":{"name":"(anonymous_3)","decl":{"start":{"line":39,"column":19},"end":{"line":39,"column":20}},"loc":{"start":{"line":39,"column":28},"end":{"line":39,"column":65}},"line":39},"4":{"name":"(anonymous_4)","decl":{"start":{"line":42,"column":22},"end":{"line":42,"column":23}},"loc":{"start":{"line":42,"column":34},"end":{"line":49,"column":3}},"line":42},"5":{"name":"(anonymous_5)","decl":{"start":{"line":51,"column":12},"end":{"line":51,"column":13}},"loc":{"start":{"line":51,"column":18},"end":{"line":53,"column":3}},"line":51},"6":{"name":"(anonymous_6)","decl":{"start":{"line":55,"column":12},"end":{"line":55,"column":13}},"loc":{"start":{"line":55,"column":18},"end":{"line":126,"column":3}},"line":55},"7":{"name":"(anonymous_7)","decl":{"start":{"line":130,"column":26},"end":{"line":130,"column":27}},"loc":{"start":{"line":130,"column":37},"end":{"line":134,"column":3}},"line":130},"8":{"name":"(anonymous_8)","decl":{"start":{"line":142,"column":41},"end":{"line":142,"column":42}},"loc":{"start":{"line":142,"column":47},"end":{"line":142,"column":72}},"line":142},"9":{"name":"(anonymous_9)","decl":{"start":{"line":161,"column":75},"end":{"line":161,"column":76}},"loc":{"start":{"line":161,"column":82},"end":{"line":161,"column":118}},"line":161},"10":{"name":"(anonymous_10)","decl":{"start":{"line":162,"column":45},"end":{"line":162,"column":46}},"loc":{"start":{"line":162,"column":52},"end":{"line":162,"column":72}},"line":162},"11":{"name":"(anonymous_11)","decl":{"start":{"line":197,"column":38},"end":{"line":197,"column":39}},"loc":{"start":{"line":198,"column":24},"end":{"line":231,"column":31}},"line":198},"12":{"name":"(anonymous_12)","decl":{"start":{"line":200,"column":79},"end":{"line":200,"column":80}},"loc":{"start":{"line":200,"column":86},"end":{"line":200,"column":113}},"line":200},"13":{"name":"(anonymous_13)","decl":{"start":{"line":202,"column":30},"end":{"line":202,"column":31}},"loc":{"start":{"line":202,"column":37},"end":{"line":202,"column":57}},"line":202},"14":{"name":"(anonymous_14)","decl":{"start":{"line":238,"column":38},"end":{"line":238,"column":39}},"loc":{"start":{"line":239,"column":24},"end":{"line":272,"column":31}},"line":239},"15":{"name":"(anonymous_15)","decl":{"start":{"line":241,"column":79},"end":{"line":241,"column":80}},"loc":{"start":{"line":241,"column":86},"end":{"line":241,"column":113}},"line":241},"16":{"name":"(anonymous_16)","decl":{"start":{"line":243,"column":30},"end":{"line":243,"column":31}},"loc":{"start":{"line":243,"column":37},"end":{"line":243,"column":57}},"line":243},"17":{"name":"(anonymous_17)","decl":{"start":{"line":294,"column":73},"end":{"line":294,"column":74}},"loc":{"start":{"line":294,"column":80},"end":{"line":294,"column":117}},"line":294},"18":{"name":"(anonymous_18)","decl":{"start":{"line":295,"column":43},"end":{"line":295,"column":44}},"loc":{"start":{"line":295,"column":50},"end":{"line":295,"column":70}},"line":295},"19":{"name":"(anonymous_19)","decl":{"start":{"line":330,"column":37},"end":{"line":330,"column":38}},"loc":{"start":{"line":331,"column":22},"end":{"line":364,"column":29}},"line":331},"20":{"name":"(anonymous_20)","decl":{"start":{"line":333,"column":77},"end":{"line":333,"column":78}},"loc":{"start":{"line":333,"column":84},"end":{"line":333,"column":111}},"line":333},"21":{"name":"(anonymous_21)","decl":{"start":{"line":335,"column":26},"end":{"line":335,"column":27}},"loc":{"start":{"line":335,"column":33},"end":{"line":335,"column":53}},"line":335},"22":{"name":"(anonymous_22)","decl":{"start":{"line":372,"column":39},"end":{"line":372,"column":40}},"loc":{"start":{"line":373,"column":24},"end":{"line":406,"column":31}},"line":373},"23":{"name":"(anonymous_23)","decl":{"start":{"line":375,"column":79},"end":{"line":375,"column":80}},"loc":{"start":{"line":375,"column":86},"end":{"line":375,"column":113}},"line":375},"24":{"name":"(anonymous_24)","decl":{"start":{"line":377,"column":26},"end":{"line":377,"column":27}},"loc":{"start":{"line":377,"column":33},"end":{"line":377,"column":53}},"line":377},"25":{"name":"(anonymous_25)","decl":{"start":{"line":412,"column":39},"end":{"line":412,"column":40}},"loc":{"start":{"line":413,"column":24},"end":{"line":446,"column":31}},"line":413},"26":{"name":"(anonymous_26)","decl":{"start":{"line":415,"column":79},"end":{"line":415,"column":80}},"loc":{"start":{"line":415,"column":86},"end":{"line":415,"column":113}},"line":415},"27":{"name":"(anonymous_27)","decl":{"start":{"line":417,"column":26},"end":{"line":417,"column":27}},"loc":{"start":{"line":417,"column":33},"end":{"line":417,"column":53}},"line":417}},"branchMap":{"0":{"loc":{"start":{"line":46,"column":4},"end":{"line":48,"column":5}},"type":"if","locations":[{"start":{"line":46,"column":4},"end":{"line":48,"column":5}},{"start":{"line":46,"column":4},"end":{"line":48,"column":5}}],"line":46},"1":{"loc":{"start":{"line":56,"column":4},"end":{"line":58,"column":5}},"type":"if","locations":[{"start":{"line":56,"column":4},"end":{"line":58,"column":5}},{"start":{"line":56,"column":4},"end":{"line":58,"column":5}}],"line":56},"2":{"loc":{"start":{"line":56,"column":8},"end":{"line":56,"column":142}},"type":"binary-expr","locations":[{"start":{"line":56,"column":8},"end":{"line":56,"column":39}},{"start":{"line":56,"column":43},"end":{"line":56,"column":78}},{"start":{"line":56,"column":82},"end":{"line":56,"column":115}},{"start":{"line":56,"column":119},"end":{"line":56,"column":142}}],"line":56},"3":{"loc":{"start":{"line":59,"column":4},"end":{"line":61,"column":5}},"type":"if","locations":[{"start":{"line":59,"column":4},"end":{"line":61,"column":5}},{"start":{"line":59,"column":4},"end":{"line":61,"column":5}}],"line":59},"4":{"loc":{"start":{"line":59,"column":8},"end":{"line":59,"column":146}},"type":"binary-expr","locations":[{"start":{"line":59,"column":8},"end":{"line":59,"column":40}},{"start":{"line":59,"column":44},"end":{"line":59,"column":80}},{"start":{"line":59,"column":84},"end":{"line":59,"column":118}},{"start":{"line":59,"column":122},"end":{"line":59,"column":146}}],"line":59},"5":{"loc":{"start":{"line":62,"column":4},"end":{"line":99,"column":5}},"type":"if","locations":[{"start":{"line":62,"column":4},"end":{"line":99,"column":5}},{"start":{"line":62,"column":4},"end":{"line":99,"column":5}}],"line":62},"6":{"loc":{"start":{"line":62,"column":8},"end":{"line":62,"column":40}},"type":"binary-expr","locations":[{"start":{"line":62,"column":8},"end":{"line":62,"column":19}},{"start":{"line":62,"column":23},"end":{"line":62,"column":40}}],"line":62},"7":{"loc":{"start":{"line":64,"column":6},"end":{"line":98,"column":7}},"type":"if","locations":[{"start":{"line":64,"column":6},"end":{"line":98,"column":7}},{"start":{"line":64,"column":6},"end":{"line":98,"column":7}}],"line":64},"8":{"loc":{"start":{"line":71,"column":8},"end":{"line":77,"column":9}},"type":"if","locations":[{"start":{"line":71,"column":8},"end":{"line":77,"column":9}},{"start":{"line":71,"column":8},"end":{"line":77,"column":9}}],"line":71},"9":{"loc":{"start":{"line":79,"column":13},"end":{"line":98,"column":7}},"type":"if","locations":[{"start":{"line":79,"column":13},"end":{"line":98,"column":7}},{"start":{"line":79,"column":13},"end":{"line":98,"column":7}}],"line":79},"10":{"loc":{"start":{"line":81,"column":8},"end":{"line":97,"column":9}},"type":"if","locations":[{"start":{"line":81,"column":8},"end":{"line":97,"column":9}},{"start":{"line":81,"column":8},"end":{"line":97,"column":9}}],"line":81},"11":{"loc":{"start":{"line":88,"column":10},"end":{"line":94,"column":11}},"type":"if","locations":[{"start":{"line":88,"column":10},"end":{"line":94,"column":11}},{"start":{"line":88,"column":10},"end":{"line":94,"column":11}}],"line":88},"12":{"loc":{"start":{"line":100,"column":4},"end":{"line":124,"column":5}},"type":"if","locations":[{"start":{"line":100,"column":4},"end":{"line":124,"column":5}},{"start":{"line":100,"column":4},"end":{"line":124,"column":5}}],"line":100},"13":{"loc":{"start":{"line":102,"column":6},"end":{"line":116,"column":7}},"type":"if","locations":[{"start":{"line":102,"column":6},"end":{"line":116,"column":7}},{"start":{"line":102,"column":6},"end":{"line":116,"column":7}}],"line":102},"14":{"loc":{"start":{"line":105,"column":8},"end":{"line":111,"column":9}},"type":"if","locations":[{"start":{"line":105,"column":8},"end":{"line":111,"column":9}},{"start":{"line":105,"column":8},"end":{"line":111,"column":9}}],"line":105},"15":{"loc":{"start":{"line":117,"column":6},"end":{"line":123,"column":7}},"type":"if","locations":[{"start":{"line":117,"column":6},"end":{"line":123,"column":7}},{"start":{"line":117,"column":6},"end":{"line":123,"column":7}}],"line":117},"16":{"loc":{"start":{"line":125,"column":4},"end":{"line":125,"column":63}},"type":"if","locations":[{"start":{"line":125,"column":4},"end":{"line":125,"column":63}},{"start":{"line":125,"column":4},"end":{"line":125,"column":63}}],"line":125},"17":{"loc":{"start":{"line":125,"column":8},"end":{"line":125,"column":39}},"type":"binary-expr","locations":[{"start":{"line":125,"column":8},"end":{"line":125,"column":19}},{"start":{"line":125,"column":23},"end":{"line":125,"column":39}}],"line":125},"18":{"loc":{"start":{"line":131,"column":4},"end":{"line":133,"column":5}},"type":"if","locations":[{"start":{"line":131,"column":4},"end":{"line":133,"column":5}},{"start":{"line":131,"column":4},"end":{"line":133,"column":5}}],"line":131},"19":{"loc":{"start":{"line":131,"column":8},"end":{"line":131,"column":84}},"type":"binary-expr","locations":[{"start":{"line":131,"column":8},"end":{"line":131,"column":24}},{"start":{"line":131,"column":28},"end":{"line":131,"column":84}}],"line":131},"20":{"loc":{"start":{"line":148,"column":13},"end":{"line":275,"column":19}},"type":"cond-expr","locations":[{"start":{"line":150,"column":16},"end":{"line":154,"column":19}},{"start":{"line":156,"column":16},"end":{"line":275,"column":19}}],"line":148},"21":{"loc":{"start":{"line":156,"column":16},"end":{"line":275,"column":19}},"type":"cond-expr","locations":[{"start":{"line":158,"column":18},"end":{"line":192,"column":21}},{"start":{"line":194,"column":18},"end":{"line":275,"column":19}}],"line":156},"22":{"loc":{"start":{"line":168,"column":14},"end":{"line":181,"column":15}},"type":"cond-expr","locations":[{"start":{"line":169,"column":16},"end":{"line":176,"column":28}},{"start":{"line":178,"column":16},"end":{"line":180,"column":28}}],"line":168},"23":{"loc":{"start":{"line":183,"column":23},"end":{"line":188,"column":30}},"type":"cond-expr","locations":[{"start":{"line":184,"column":24},"end":{"line":187,"column":26}},{"start":{"line":188,"column":26},"end":{"line":188,"column":30}}],"line":183},"24":{"loc":{"start":{"line":183,"column":23},"end":{"line":183,"column":91}},"type":"binary-expr","locations":[{"start":{"line":183,"column":23},"end":{"line":183,"column":53}},{"start":{"line":183,"column":57},"end":{"line":183,"column":91}}],"line":183},"25":{"loc":{"start":{"line":194,"column":18},"end":{"line":275,"column":19}},"type":"cond-expr","locations":[{"start":{"line":196,"column":20},"end":{"line":234,"column":23}},{"start":{"line":237,"column":20},"end":{"line":274,"column":23}}],"line":194},"26":{"loc":{"start":{"line":210,"column":14},"end":{"line":223,"column":15}},"type":"cond-expr","locations":[{"start":{"line":211,"column":16},"end":{"line":218,"column":28}},{"start":{"line":220,"column":16},"end":{"line":222,"column":28}}],"line":210},"27":{"loc":{"start":{"line":225,"column":27},"end":{"line":230,"column":34}},"type":"cond-expr","locations":[{"start":{"line":226,"column":28},"end":{"line":229,"column":30}},{"start":{"line":230,"column":30},"end":{"line":230,"column":34}}],"line":225},"28":{"loc":{"start":{"line":225,"column":27},"end":{"line":225,"column":77}},"type":"binary-expr","locations":[{"start":{"line":225,"column":27},"end":{"line":225,"column":48}},{"start":{"line":225,"column":52},"end":{"line":225,"column":77}}],"line":225},"29":{"loc":{"start":{"line":251,"column":14},"end":{"line":264,"column":15}},"type":"cond-expr","locations":[{"start":{"line":252,"column":16},"end":{"line":259,"column":28}},{"start":{"line":261,"column":16},"end":{"line":263,"column":28}}],"line":251},"30":{"loc":{"start":{"line":266,"column":27},"end":{"line":271,"column":34}},"type":"cond-expr","locations":[{"start":{"line":267,"column":28},"end":{"line":270,"column":30}},{"start":{"line":271,"column":30},"end":{"line":271,"column":34}}],"line":266},"31":{"loc":{"start":{"line":266,"column":27},"end":{"line":266,"column":77}},"type":"binary-expr","locations":[{"start":{"line":266,"column":27},"end":{"line":266,"column":48}},{"start":{"line":266,"column":52},"end":{"line":266,"column":77}}],"line":266},"32":{"loc":{"start":{"line":280,"column":13},"end":{"line":449,"column":19}},"type":"cond-expr","locations":[{"start":{"line":282,"column":16},"end":{"line":287,"column":19}},{"start":{"line":290,"column":16},"end":{"line":449,"column":19}}],"line":280},"33":{"loc":{"start":{"line":290,"column":16},"end":{"line":449,"column":19}},"type":"cond-expr","locations":[{"start":{"line":291,"column":16},"end":{"line":326,"column":19}},{"start":{"line":327,"column":18},"end":{"line":449,"column":19}}],"line":290},"34":{"loc":{"start":{"line":301,"column":14},"end":{"line":314,"column":15}},"type":"cond-expr","locations":[{"start":{"line":302,"column":16},"end":{"line":309,"column":28}},{"start":{"line":311,"column":16},"end":{"line":313,"column":28}}],"line":301},"35":{"loc":{"start":{"line":316,"column":21},"end":{"line":321,"column":28}},"type":"cond-expr","locations":[{"start":{"line":317,"column":22},"end":{"line":320,"column":24}},{"start":{"line":321,"column":24},"end":{"line":321,"column":28}}],"line":316},"36":{"loc":{"start":{"line":316,"column":21},"end":{"line":316,"column":91}},"type":"binary-expr","locations":[{"start":{"line":316,"column":21},"end":{"line":316,"column":52}},{"start":{"line":316,"column":56},"end":{"line":316,"column":91}}],"line":316},"37":{"loc":{"start":{"line":327,"column":18},"end":{"line":449,"column":19}},"type":"cond-expr","locations":[{"start":{"line":329,"column":18},"end":{"line":368,"column":21}},{"start":{"line":369,"column":20},"end":{"line":449,"column":19}}],"line":327},"38":{"loc":{"start":{"line":343,"column":10},"end":{"line":356,"column":11}},"type":"cond-expr","locations":[{"start":{"line":344,"column":12},"end":{"line":351,"column":24}},{"start":{"line":353,"column":12},"end":{"line":355,"column":24}}],"line":343},"39":{"loc":{"start":{"line":358,"column":25},"end":{"line":363,"column":32}},"type":"cond-expr","locations":[{"start":{"line":359,"column":26},"end":{"line":362,"column":28}},{"start":{"line":363,"column":28},"end":{"line":363,"column":32}}],"line":358},"40":{"loc":{"start":{"line":358,"column":25},"end":{"line":358,"column":75}},"type":"binary-expr","locations":[{"start":{"line":358,"column":25},"end":{"line":358,"column":46}},{"start":{"line":358,"column":50},"end":{"line":358,"column":75}}],"line":358},"41":{"loc":{"start":{"line":369,"column":20},"end":{"line":449,"column":19}},"type":"cond-expr","locations":[{"start":{"line":371,"column":20},"end":{"line":409,"column":23}},{"start":{"line":411,"column":20},"end":{"line":448,"column":23}}],"line":369},"42":{"loc":{"start":{"line":385,"column":10},"end":{"line":398,"column":11}},"type":"cond-expr","locations":[{"start":{"line":386,"column":12},"end":{"line":393,"column":24}},{"start":{"line":395,"column":12},"end":{"line":397,"column":24}}],"line":385},"43":{"loc":{"start":{"line":400,"column":27},"end":{"line":405,"column":34}},"type":"cond-expr","locations":[{"start":{"line":401,"column":28},"end":{"line":404,"column":30}},{"start":{"line":405,"column":30},"end":{"line":405,"column":34}}],"line":400},"44":{"loc":{"start":{"line":400,"column":27},"end":{"line":400,"column":77}},"type":"binary-expr","locations":[{"start":{"line":400,"column":27},"end":{"line":400,"column":48}},{"start":{"line":400,"column":52},"end":{"line":400,"column":77}}],"line":400},"45":{"loc":{"start":{"line":425,"column":10},"end":{"line":438,"column":11}},"type":"cond-expr","locations":[{"start":{"line":426,"column":12},"end":{"line":433,"column":24}},{"start":{"line":435,"column":12},"end":{"line":437,"column":24}}],"line":425},"46":{"loc":{"start":{"line":440,"column":27},"end":{"line":445,"column":34}},"type":"cond-expr","locations":[{"start":{"line":441,"column":28},"end":{"line":444,"column":30}},{"start":{"line":445,"column":30},"end":{"line":445,"column":34}}],"line":440},"47":{"loc":{"start":{"line":440,"column":27},"end":{"line":440,"column":77}},"type":"binary-expr","locations":[{"start":{"line":440,"column":27},"end":{"line":440,"column":48}},{"start":{"line":440,"column":52},"end":{"line":440,"column":77}}],"line":440}},"s":{"0":3,"1":0,"2":0,"3":0,"4":0,"5":0,"6":0,"7":0,"8":0,"9":0,"10":0,"11":0,"12":0,"13":0,"14":0,"15":0,"16":0,"17":0,"18":0,"19":0,"20":0,"21":0,"22":0,"23":0,"24":0,"25":0,"26":0,"27":0,"28":0,"29":0,"30":0,"31":0,"32":0,"33":0,"34":0,"35":0,"36":0,"37":0,"38":0,"39":0,"40":0,"41":0,"42":0,"43":0,"44":0,"45":0,"46":0,"47":0,"48":0,"49":0,"50":0,"51":0,"52":0,"53":0,"54":0,"55":0,"56":0,"57":0,"58":0,"59":0,"60":0,"61":0,"62":0,"63":0,"64":0,"65":0,"66":0,"67":0,"68":0,"69":0,"70":0,"71":0,"72":0,"73":0,"74":0,"75":0,"76":0,"77":0,"78":0,"79":0,"80":0,"81":0,"82":0,"83":0,"84":0,"85":0,"86":0,"87":0,"88":0,"89":0,"90":0,"91":0,"92":0,"93":0,"94":0,"95":0,"96":0,"97":0},"f":{"0":0,"1":0,"2":0,"3":0,"4":0,"5":0,"6":0,"7":0,"8":0,"9":0,"10":0,"11":0,"12":0,"13":0,"14":0,"15":0,"16":0,"17":0,"18":0,"19":0,"20":0,"21":0,"22":0,"23":0,"24":0,"25":0,"26":0,"27":0},"b":{"0":[0,0],"1":[0,0],"2":[0,0,0,0],"3":[0,0],"4":[0,0,0,0],"5":[0,0],"6":[0,0],"7":[0,0],"8":[0,0],"9":[0,0],"10":[0,0],"11":[0,0],"12":[0,0],"13":[0,0],"14":[0,0],"15":[0,0],"16":[0,0],"17":[0,0],"18":[0,0],"19":[0,0],"20":[0,0],"21":[0,0],"22":[0,0],"23":[0,0],"24":[0,0],"25":[0,0],"26":[0,0],"27":[0,0],"28":[0,0],"29":[0,0],"30":[0,0],"31":[0,0],"32":[0,0],"33":[0,0],"34":[0,0],"35":[0,0],"36":[0,0],"37":[0,0],"38":[0,0],"39":[0,0],"40":[0,0],"41":[0,0],"42":[0,0],"43":[0,0],"44":[0,0],"45":[0,0],"46":[0,0],"47":[0,0]},"_coverageSchema":"1a1c01bbd47fc00a2c39e90264f33305004495a9","hash":"1be4c65414705ea1e1c1b540c42bb23e207d9f9f"}
,"/Users/malcolmmarshall/Desktop/HR/project-catwalk/components/Comparison-Dorien/components/RelatedProducts.jsx": {"path":"/Users/malcolmmarshall/Desktop/HR/project-catwalk/components/Comparison-Dorien/components/RelatedProducts.jsx","statementMap":{"0":{"start":{"line":11,"column":24},"end":{"line":221,"column":1}},"1":{"start":{"line":15,"column":31},"end":{"line":15,"column":33}},"2":{"start":{"line":16,"column":24},"end":{"line":16,"column":26}},"3":{"start":{"line":17,"column":25},"end":{"line":17,"column":41}},"4":{"start":{"line":18,"column":20},"end":{"line":20,"column":3}},"5":{"start":{"line":22,"column":2},"end":{"line":53,"column":3}},"6":{"start":{"line":23,"column":4},"end":{"line":52,"column":6}},"7":{"start":{"line":54,"column":2},"end":{"line":72,"column":3}},"8":{"start":{"line":54,"column":15},"end":{"line":54,"column":16}},"9":{"start":{"line":55,"column":4},"end":{"line":55,"column":50}},"10":{"start":{"line":56,"column":4},"end":{"line":69,"column":5}},"11":{"start":{"line":57,"column":6},"end":{"line":66,"column":7}},"12":{"start":{"line":58,"column":8},"end":{"line":65,"column":11}},"13":{"start":{"line":67,"column":6},"end":{"line":67,"column":104}},"14":{"start":{"line":68,"column":6},"end":{"line":68,"column":44}},"15":{"start":{"line":70,"column":4},"end":{"line":70,"column":47}},"16":{"start":{"line":71,"column":4},"end":{"line":71,"column":25}},"17":{"start":{"line":73,"column":2},"end":{"line":220,"column":4}},"18":{"start":{"line":79,"column":12},"end":{"line":130,"column":28}},"19":{"start":{"line":82,"column":18},"end":{"line":127,"column":35}},"20":{"start":{"line":98,"column":82},"end":{"line":98,"column":109}},"21":{"start":{"line":136,"column":12},"end":{"line":187,"column":28}},"22":{"start":{"line":139,"column":18},"end":{"line":184,"column":35}},"23":{"start":{"line":155,"column":82},"end":{"line":155,"column":109}}},"fnMap":{"0":{"name":"(anonymous_0)","decl":{"start":{"line":11,"column":24},"end":{"line":11,"column":25}},"loc":{"start":{"line":13,"column":6},"end":{"line":221,"column":1}},"line":13},"1":{"name":"(anonymous_1)","decl":{"start":{"line":78,"column":36},"end":{"line":78,"column":37}},"loc":{"start":{"line":79,"column":12},"end":{"line":130,"column":28}},"line":79},"2":{"name":"(anonymous_2)","decl":{"start":{"line":81,"column":27},"end":{"line":81,"column":28}},"loc":{"start":{"line":82,"column":18},"end":{"line":127,"column":35}},"line":82},"3":{"name":"(anonymous_3)","decl":{"start":{"line":98,"column":76},"end":{"line":98,"column":77}},"loc":{"start":{"line":98,"column":82},"end":{"line":98,"column":109}},"line":98},"4":{"name":"(anonymous_4)","decl":{"start":{"line":135,"column":36},"end":{"line":135,"column":37}},"loc":{"start":{"line":136,"column":12},"end":{"line":187,"column":28}},"line":136},"5":{"name":"(anonymous_5)","decl":{"start":{"line":138,"column":27},"end":{"line":138,"column":28}},"loc":{"start":{"line":139,"column":18},"end":{"line":184,"column":35}},"line":139},"6":{"name":"(anonymous_6)","decl":{"start":{"line":155,"column":76},"end":{"line":155,"column":77}},"loc":{"start":{"line":155,"column":82},"end":{"line":155,"column":109}},"line":155}},"branchMap":{"0":{"loc":{"start":{"line":22,"column":2},"end":{"line":53,"column":3}},"type":"if","locations":[{"start":{"line":22,"column":2},"end":{"line":53,"column":3}},{"start":{"line":22,"column":2},"end":{"line":53,"column":3}}],"line":22},"1":{"loc":{"start":{"line":56,"column":4},"end":{"line":69,"column":5}},"type":"if","locations":[{"start":{"line":56,"column":4},"end":{"line":69,"column":5}},{"start":{"line":56,"column":4},"end":{"line":69,"column":5}}],"line":56},"2":{"loc":{"start":{"line":76,"column":7},"end":{"line":190,"column":7}},"type":"cond-expr","locations":[{"start":{"line":77,"column":8},"end":{"line":132,"column":19}},{"start":{"line":134,"column":8},"end":{"line":189,"column":19}}],"line":76},"3":{"loc":{"start":{"line":103,"column":32},"end":{"line":116,"column":33}},"type":"cond-expr","locations":[{"start":{"line":104,"column":34},"end":{"line":111,"column":46}},{"start":{"line":113,"column":34},"end":{"line":115,"column":46}}],"line":103},"4":{"loc":{"start":{"line":118,"column":23},"end":{"line":125,"column":30}},"type":"cond-expr","locations":[{"start":{"line":119,"column":24},"end":{"line":124,"column":27}},{"start":{"line":125,"column":26},"end":{"line":125,"column":30}}],"line":118},"5":{"loc":{"start":{"line":118,"column":23},"end":{"line":118,"column":115}},"type":"binary-expr","locations":[{"start":{"line":118,"column":23},"end":{"line":118,"column":65}},{"start":{"line":118,"column":69},"end":{"line":118,"column":115}}],"line":118},"6":{"loc":{"start":{"line":160,"column":32},"end":{"line":173,"column":33}},"type":"cond-expr","locations":[{"start":{"line":161,"column":34},"end":{"line":168,"column":46}},{"start":{"line":170,"column":34},"end":{"line":172,"column":46}}],"line":160},"7":{"loc":{"start":{"line":175,"column":23},"end":{"line":182,"column":30}},"type":"cond-expr","locations":[{"start":{"line":176,"column":24},"end":{"line":181,"column":27}},{"start":{"line":182,"column":26},"end":{"line":182,"column":30}}],"line":175},"8":{"loc":{"start":{"line":175,"column":23},"end":{"line":175,"column":115}},"type":"binary-expr","locations":[{"start":{"line":175,"column":23},"end":{"line":175,"column":65}},{"start":{"line":175,"column":69},"end":{"line":175,"column":115}}],"line":175}},"s":{"0":3,"1":0,"2":0,"3":0,"4":0,"5":0,"6":0,"7":0,"8":0,"9":0,"10":0,"11":0,"12":0,"13":0,"14":0,"15":0,"16":0,"17":0,"18":0,"19":0,"20":0,"21":0,"22":0,"23":0},"f":{"0":0,"1":0,"2":0,"3":0,"4":0,"5":0,"6":0},"b":{"0":[0,0],"1":[0,0],"2":[0,0],"3":[0,0],"4":[0,0],"5":[0,0],"6":[0,0],"7":[0,0],"8":[0,0]},"_coverageSchema":"1a1c01bbd47fc00a2c39e90264f33305004495a9","hash":"b6c0a9755c01e02de5e76ea32ce0b55d4b8c5c4f"}
,"/Users/malcolmmarshall/Desktop/HR/project-catwalk/components/Description-Scott/ProductDescription.jsx": {"path":"/Users/malcolmmarshall/Desktop/HR/project-catwalk/components/Description-Scott/ProductDescription.jsx","statementMap":{"0":{"start":{"line":15,"column":27},"end":{"line":123,"column":1}},"1":{"start":{"line":19,"column":25},"end":{"line":19,"column":68}},"2":{"start":{"line":21,"column":40},"end":{"line":21,"column":52}},"3":{"start":{"line":22,"column":34},"end":{"line":22,"column":46}},"4":{"start":{"line":23,"column":40},"end":{"line":23,"column":52}},"5":{"start":{"line":25,"column":36},"end":{"line":25,"column":48}},"6":{"start":{"line":26,"column":36},"end":{"line":26,"column":48}},"7":{"start":{"line":28,"column":38},"end":{"line":28,"column":53}},"8":{"start":{"line":30,"column":21},"end":{"line":68,"column":3}},"9":{"start":{"line":31,"column":27},"end":{"line":37,"column":5}},"10":{"start":{"line":38,"column":4},"end":{"line":45,"column":44}},"11":{"start":{"line":40,"column":8},"end":{"line":40,"column":52}},"12":{"start":{"line":41,"column":8},"end":{"line":41,"column":50}},"13":{"start":{"line":42,"column":8},"end":{"line":42,"column":56}},"14":{"start":{"line":43,"column":8},"end":{"line":43,"column":51}},"15":{"start":{"line":44,"column":8},"end":{"line":44,"column":57}},"16":{"start":{"line":45,"column":24},"end":{"line":45,"column":42}},"17":{"start":{"line":47,"column":26},"end":{"line":53,"column":5}},"18":{"start":{"line":54,"column":4},"end":{"line":67,"column":44}},"19":{"start":{"line":56,"column":8},"end":{"line":56,"column":50}},"20":{"start":{"line":60,"column":8},"end":{"line":65,"column":9}},"21":{"start":{"line":60,"column":56},"end":{"line":60,"column":82}},"22":{"start":{"line":61,"column":10},"end":{"line":61,"column":97}},"23":{"start":{"line":61,"column":69},"end":{"line":61,"column":95}},"24":{"start":{"line":64,"column":10},"end":{"line":64,"column":56}},"25":{"start":{"line":66,"column":8},"end":{"line":66,"column":35}},"26":{"start":{"line":67,"column":24},"end":{"line":67,"column":42}},"27":{"start":{"line":70,"column":2},"end":{"line":74,"column":18}},"28":{"start":{"line":71,"column":4},"end":{"line":73,"column":5}},"29":{"start":{"line":72,"column":6},"end":{"line":72,"column":37}},"30":{"start":{"line":76,"column":2},"end":{"line":78,"column":18}},"31":{"start":{"line":77,"column":4},"end":{"line":77,"column":17}},"32":{"start":{"line":79,"column":2},"end":{"line":122,"column":4}},"33":{"start":{"line":83,"column":74},"end":{"line":83,"column":132}},"34":{"start":{"line":125,"column":0},"end":{"line":134,"column":2}},"35":{"start":{"line":136,"column":0},"end":{"line":139,"column":2}}},"fnMap":{"0":{"name":"(anonymous_0)","decl":{"start":{"line":15,"column":27},"end":{"line":15,"column":28}},"loc":{"start":{"line":18,"column":6},"end":{"line":123,"column":1}},"line":18},"1":{"name":"(anonymous_1)","decl":{"start":{"line":30,"column":21},"end":{"line":30,"column":22}},"loc":{"start":{"line":30,"column":27},"end":{"line":68,"column":3}},"line":30},"2":{"name":"(anonymous_2)","decl":{"start":{"line":39,"column":12},"end":{"line":39,"column":13}},"loc":{"start":{"line":39,"column":33},"end":{"line":45,"column":7}},"line":39},"3":{"name":"(anonymous_3)","decl":{"start":{"line":45,"column":15},"end":{"line":45,"column":16}},"loc":{"start":{"line":45,"column":24},"end":{"line":45,"column":42}},"line":45},"4":{"name":"(anonymous_4)","decl":{"start":{"line":55,"column":12},"end":{"line":55,"column":13}},"loc":{"start":{"line":55,"column":32},"end":{"line":67,"column":7}},"line":55},"5":{"name":"(anonymous_5)","decl":{"start":{"line":60,"column":45},"end":{"line":60,"column":46}},"loc":{"start":{"line":60,"column":56},"end":{"line":60,"column":82}},"line":60},"6":{"name":"(anonymous_6)","decl":{"start":{"line":61,"column":58},"end":{"line":61,"column":59}},"loc":{"start":{"line":61,"column":69},"end":{"line":61,"column":95}},"line":61},"7":{"name":"(anonymous_7)","decl":{"start":{"line":67,"column":15},"end":{"line":67,"column":16}},"loc":{"start":{"line":67,"column":24},"end":{"line":67,"column":42}},"line":67},"8":{"name":"(anonymous_8)","decl":{"start":{"line":70,"column":12},"end":{"line":70,"column":13}},"loc":{"start":{"line":70,"column":18},"end":{"line":74,"column":3}},"line":70},"9":{"name":"(anonymous_9)","decl":{"start":{"line":76,"column":12},"end":{"line":76,"column":13}},"loc":{"start":{"line":76,"column":18},"end":{"line":78,"column":3}},"line":76},"10":{"name":"(anonymous_10)","decl":{"start":{"line":83,"column":68},"end":{"line":83,"column":69}},"loc":{"start":{"line":83,"column":74},"end":{"line":83,"column":132}},"line":83}},"branchMap":{"0":{"loc":{"start":{"line":60,"column":8},"end":{"line":65,"column":9}},"type":"if","locations":[{"start":{"line":60,"column":8},"end":{"line":65,"column":9}},{"start":{"line":60,"column":8},"end":{"line":65,"column":9}}],"line":60},"1":{"loc":{"start":{"line":71,"column":4},"end":{"line":73,"column":5}},"type":"if","locations":[{"start":{"line":71,"column":4},"end":{"line":73,"column":5}},{"start":{"line":71,"column":4},"end":{"line":73,"column":5}}],"line":71},"2":{"loc":{"start":{"line":83,"column":26},"end":{"line":83,"column":57}},"type":"cond-expr","locations":[{"start":{"line":83,"column":39},"end":{"line":83,"column":47}},{"start":{"line":83,"column":50},"end":{"line":83,"column":57}}],"line":83},"3":{"loc":{"start":{"line":86,"column":11},"end":{"line":118,"column":13}},"type":"cond-expr","locations":[{"start":{"line":86,"column":24},"end":{"line":86,"column":28}},{"start":{"line":88,"column":14},"end":{"line":117,"column":20}}],"line":86}},"s":{"0":3,"1":0,"2":0,"3":0,"4":0,"5":0,"6":0,"7":0,"8":0,"9":0,"10":0,"11":0,"12":0,"13":0,"14":0,"15":0,"16":0,"17":0,"18":0,"19":0,"20":0,"21":0,"22":0,"23":0,"24":0,"25":0,"26":0,"27":0,"28":0,"29":0,"30":0,"31":0,"32":0,"33":0,"34":3,"35":3},"f":{"0":0,"1":0,"2":0,"3":0,"4":0,"5":0,"6":0,"7":0,"8":0,"9":0,"10":0},"b":{"0":[0,0],"1":[0,0],"2":[0,0],"3":[0,0]},"_coverageSchema":"1a1c01bbd47fc00a2c39e90264f33305004495a9","hash":"cf6f78c1d5247a88dcd6a69a56da331309989647"}
,"/Users/malcolmmarshall/Desktop/HR/project-catwalk/components/Description-Scott/AddToCart/Add.jsx": {"path":"/Users/malcolmmarshall/Desktop/HR/project-catwalk/components/Description-Scott/AddToCart/Add.jsx","statementMap":{"0":{"start":{"line":7,"column":12},"end":{"line":35,"column":1}},"1":{"start":{"line":10,"column":25},"end":{"line":10,"column":68}},"2":{"start":{"line":11,"column":23},"end":{"line":19,"column":3}},"3":{"start":{"line":12,"column":4},"end":{"line":17,"column":5}},"4":{"start":{"line":13,"column":6},"end":{"line":13,"column":26}},"5":{"start":{"line":15,"column":6},"end":{"line":15,"column":92}},"6":{"start":{"line":16,"column":6},"end":{"line":16,"column":83}},"7":{"start":{"line":18,"column":4},"end":{"line":18,"column":61}},"8":{"start":{"line":21,"column":2},"end":{"line":23,"column":3}},"9":{"start":{"line":22,"column":4},"end":{"line":22,"column":17}},"10":{"start":{"line":24,"column":2},"end":{"line":34,"column":4}},"11":{"start":{"line":37,"column":0},"end":{"line":47,"column":2}},"12":{"start":{"line":49,"column":0},"end":{"line":52,"column":2}}},"fnMap":{"0":{"name":"(anonymous_0)","decl":{"start":{"line":7,"column":12},"end":{"line":7,"column":13}},"loc":{"start":{"line":9,"column":6},"end":{"line":35,"column":1}},"line":9},"1":{"name":"(anonymous_1)","decl":{"start":{"line":11,"column":23},"end":{"line":11,"column":24}},"loc":{"start":{"line":11,"column":29},"end":{"line":19,"column":3}},"line":11}},"branchMap":{"0":{"loc":{"start":{"line":12,"column":4},"end":{"line":17,"column":5}},"type":"if","locations":[{"start":{"line":12,"column":4},"end":{"line":17,"column":5}},{"start":{"line":12,"column":4},"end":{"line":17,"column":5}}],"line":12},"1":{"loc":{"start":{"line":21,"column":2},"end":{"line":23,"column":3}},"type":"if","locations":[{"start":{"line":21,"column":2},"end":{"line":23,"column":3}},{"start":{"line":21,"column":2},"end":{"line":23,"column":3}}],"line":21}},"s":{"0":4,"1":4,"2":4,"3":0,"4":0,"5":0,"6":0,"7":0,"8":4,"9":2,"10":2,"11":4,"12":4},"f":{"0":4,"1":0},"b":{"0":[0,0],"1":[2,2]},"_coverageSchema":"1a1c01bbd47fc00a2c39e90264f33305004495a9","hash":"4fe89e15499c9be33908989226ce3db2504198f6"}
,"/Users/malcolmmarshall/Desktop/HR/project-catwalk/components/Description-Scott/AddToCart/AddToCart.jsx": {"path":"/Users/malcolmmarshall/Desktop/HR/project-catwalk/components/Description-Scott/AddToCart/AddToCart.jsx","statementMap":{"0":{"start":{"line":8,"column":18},"end":{"line":50,"column":1}},"1":{"start":{"line":11,"column":24},"end":{"line":11,"column":73}},"2":{"start":{"line":12,"column":50},"end":{"line":12,"column":64}},"3":{"start":{"line":13,"column":42},"end":{"line":13,"column":57}},"4":{"start":{"line":14,"column":38},"end":{"line":14,"column":53}},"5":{"start":{"line":15,"column":2},"end":{"line":49,"column":4}},"6":{"start":{"line":52,"column":0},"end":{"line":61,"column":2}},"7":{"start":{"line":63,"column":0},"end":{"line":67,"column":2}}},"fnMap":{"0":{"name":"(anonymous_0)","decl":{"start":{"line":8,"column":18},"end":{"line":8,"column":19}},"loc":{"start":{"line":10,"column":6},"end":{"line":50,"column":1}},"line":10}},"branchMap":{},"s":{"0":3,"1":0,"2":0,"3":0,"4":0,"5":0,"6":3,"7":3},"f":{"0":0},"b":{},"_coverageSchema":"1a1c01bbd47fc00a2c39e90264f33305004495a9","hash":"dfc51e7f2c3df8d8124b5a8256bfb6ca56e6b8c8"}
,"/Users/malcolmmarshall/Desktop/HR/project-catwalk/components/Description-Scott/AddToCart/SelectQuantity.jsx": {"path":"/Users/malcolmmarshall/Desktop/HR/project-catwalk/components/Description-Scott/AddToCart/SelectQuantity.jsx","statementMap":{"0":{"start":{"line":8,"column":23},"end":{"line":77,"column":1}},"1":{"start":{"line":9,"column":25},"end":{"line":9,"column":68}},"2":{"start":{"line":11,"column":48},"end":{"line":11,"column":59}},"3":{"start":{"line":12,"column":52},"end":{"line":12,"column":63}},"4":{"start":{"line":14,"column":24},"end":{"line":20,"column":3}},"5":{"start":{"line":15,"column":4},"end":{"line":19,"column":5}},"6":{"start":{"line":16,"column":6},"end":{"line":16,"column":41}},"7":{"start":{"line":17,"column":6},"end":{"line":17,"column":28}},"8":{"start":{"line":18,"column":6},"end":{"line":18,"column":29}},"9":{"start":{"line":22,"column":23},"end":{"line":25,"column":3}},"10":{"start":{"line":23,"column":4},"end":{"line":23,"column":34}},"11":{"start":{"line":24,"column":4},"end":{"line":24,"column":33}},"12":{"start":{"line":27,"column":2},"end":{"line":29,"column":12}},"13":{"start":{"line":28,"column":4},"end":{"line":28,"column":20}},"14":{"start":{"line":31,"column":2},"end":{"line":62,"column":3}},"15":{"start":{"line":35,"column":6},"end":{"line":35,"column":70}},"16":{"start":{"line":37,"column":23},"end":{"line":37,"column":25}},"17":{"start":{"line":38,"column":4},"end":{"line":43,"column":5}},"18":{"start":{"line":38,"column":17},"end":{"line":38,"column":18}},"19":{"start":{"line":39,"column":6},"end":{"line":41,"column":7}},"20":{"start":{"line":40,"column":8},"end":{"line":40,"column":14}},"21":{"start":{"line":42,"column":6},"end":{"line":42,"column":25}},"22":{"start":{"line":46,"column":6},"end":{"line":60,"column":23}},"23":{"start":{"line":51,"column":10},"end":{"line":58,"column":26}},"24":{"start":{"line":53,"column":14},"end":{"line":53,"column":30}},"25":{"start":{"line":64,"column":2},"end":{"line":76,"column":4}},"26":{"start":{"line":67,"column":8},"end":{"line":67,"column":69}},"27":{"start":{"line":70,"column":8},"end":{"line":70,"column":69}},"28":{"start":{"line":79,"column":0},"end":{"line":84,"column":2}},"29":{"start":{"line":86,"column":0},"end":{"line":90,"column":2}}},"fnMap":{"0":{"name":"(anonymous_0)","decl":{"start":{"line":8,"column":23},"end":{"line":8,"column":24}},"loc":{"start":{"line":8,"column":57},"end":{"line":77,"column":1}},"line":8},"1":{"name":"(anonymous_1)","decl":{"start":{"line":14,"column":24},"end":{"line":14,"column":25}},"loc":{"start":{"line":14,"column":30},"end":{"line":20,"column":3}},"line":14},"2":{"name":"(anonymous_2)","decl":{"start":{"line":22,"column":23},"end":{"line":22,"column":24}},"loc":{"start":{"line":22,"column":37},"end":{"line":25,"column":3}},"line":22},"3":{"name":"(anonymous_3)","decl":{"start":{"line":27,"column":12},"end":{"line":27,"column":13}},"loc":{"start":{"line":27,"column":18},"end":{"line":29,"column":3}},"line":27},"4":{"name":"(anonymous_4)","decl":{"start":{"line":50,"column":24},"end":{"line":50,"column":25}},"loc":{"start":{"line":51,"column":10},"end":{"line":58,"column":26}},"line":51},"5":{"name":"(anonymous_5)","decl":{"start":{"line":52,"column":21},"end":{"line":52,"column":22}},"loc":{"start":{"line":52,"column":27},"end":{"line":54,"column":13}},"line":52},"6":{"name":"(anonymous_6)","decl":{"start":{"line":66,"column":15},"end":{"line":66,"column":16}},"loc":{"start":{"line":66,"column":21},"end":{"line":68,"column":7}},"line":66},"7":{"name":"(anonymous_7)","decl":{"start":{"line":69,"column":15},"end":{"line":69,"column":16}},"loc":{"start":{"line":69,"column":21},"end":{"line":71,"column":7}},"line":69}},"branchMap":{"0":{"loc":{"start":{"line":15,"column":4},"end":{"line":19,"column":5}},"type":"if","locations":[{"start":{"line":15,"column":4},"end":{"line":19,"column":5}},{"start":{"line":15,"column":4},"end":{"line":19,"column":5}}],"line":15},"1":{"loc":{"start":{"line":31,"column":2},"end":{"line":62,"column":3}},"type":"if","locations":[{"start":{"line":31,"column":2},"end":{"line":62,"column":3}},{"start":{"line":31,"column":2},"end":{"line":62,"column":3}}],"line":31},"2":{"loc":{"start":{"line":31,"column":6},"end":{"line":31,"column":59}},"type":"binary-expr","locations":[{"start":{"line":31,"column":6},"end":{"line":31,"column":29}},{"start":{"line":31,"column":33},"end":{"line":31,"column":59}}],"line":31},"3":{"loc":{"start":{"line":39,"column":6},"end":{"line":41,"column":7}},"type":"if","locations":[{"start":{"line":39,"column":6},"end":{"line":41,"column":7}},{"start":{"line":39,"column":6},"end":{"line":41,"column":7}}],"line":39},"4":{"loc":{"start":{"line":74,"column":7},"end":{"line":74,"column":49}},"type":"cond-expr","locations":[{"start":{"line":74,"column":31},"end":{"line":74,"column":36}},{"start":{"line":74,"column":39},"end":{"line":74,"column":49}}],"line":74}},"s":{"0":4,"1":5,"2":5,"3":5,"4":5,"5":3,"6":2,"7":2,"8":2,"9":5,"10":0,"11":0,"12":5,"13":3,"14":5,"15":3,"16":2,"17":2,"18":2,"19":19,"20":1,"21":18,"22":2,"23":18,"24":0,"25":5,"26":2,"27":0,"28":4,"29":4},"f":{"0":5,"1":3,"2":0,"3":3,"4":18,"5":0,"6":2,"7":0},"b":{"0":[2,1],"1":[3,2],"2":[5,2],"3":[1,18],"4":[2,3]},"_coverageSchema":"1a1c01bbd47fc00a2c39e90264f33305004495a9","hash":"48dc0138e3dd9bde79151b5f9c0557fda0204640"}
,"/Users/malcolmmarshall/Desktop/HR/project-catwalk/components/Description-Scott/AddToCart/SelectSize.jsx": {"path":"/Users/malcolmmarshall/Desktop/HR/project-catwalk/components/Description-Scott/AddToCart/SelectSize.jsx","statementMap":{"0":{"start":{"line":8,"column":19},"end":{"line":112,"column":1}},"1":{"start":{"line":11,"column":40},"end":{"line":11,"column":63}},"2":{"start":{"line":12,"column":46},"end":{"line":12,"column":58}},"3":{"start":{"line":13,"column":30},"end":{"line":13,"column":45}},"4":{"start":{"line":15,"column":40},"end":{"line":15,"column":55}},"5":{"start":{"line":16,"column":17},"end":{"line":16,"column":29}},"6":{"start":{"line":18,"column":23},"end":{"line":34,"column":3}},"7":{"start":{"line":19,"column":26},"end":{"line":19,"column":28}},"8":{"start":{"line":20,"column":4},"end":{"line":32,"column":5}},"9":{"start":{"line":21,"column":19},"end":{"line":21,"column":48}},"10":{"start":{"line":22,"column":6},"end":{"line":26,"column":7}},"11":{"start":{"line":22,"column":19},"end":{"line":22,"column":20}},"12":{"start":{"line":23,"column":8},"end":{"line":25,"column":9}},"13":{"start":{"line":24,"column":10},"end":{"line":24,"column":38}},"14":{"start":{"line":27,"column":6},"end":{"line":31,"column":7}},"15":{"start":{"line":28,"column":8},"end":{"line":28,"column":30}},"16":{"start":{"line":30,"column":8},"end":{"line":30,"column":31}},"17":{"start":{"line":33,"column":4},"end":{"line":33,"column":37}},"18":{"start":{"line":36,"column":23},"end":{"line":42,"column":3}},"19":{"start":{"line":37,"column":4},"end":{"line":37,"column":25}},"20":{"start":{"line":38,"column":4},"end":{"line":38,"column":26}},"21":{"start":{"line":39,"column":4},"end":{"line":39,"column":21}},"22":{"start":{"line":40,"column":4},"end":{"line":40,"column":29}},"23":{"start":{"line":41,"column":4},"end":{"line":41,"column":16}},"24":{"start":{"line":44,"column":2},"end":{"line":53,"column":30}},"25":{"start":{"line":45,"column":4},"end":{"line":45,"column":34}},"26":{"start":{"line":46,"column":4},"end":{"line":46,"column":52}},"27":{"start":{"line":47,"column":4},"end":{"line":51,"column":5}},"28":{"start":{"line":48,"column":6},"end":{"line":48,"column":22}},"29":{"start":{"line":49,"column":6},"end":{"line":49,"column":27}},"30":{"start":{"line":50,"column":6},"end":{"line":50,"column":27}},"31":{"start":{"line":52,"column":4},"end":{"line":52,"column":19}},"32":{"start":{"line":55,"column":2},"end":{"line":104,"column":3}},"33":{"start":{"line":59,"column":6},"end":{"line":59,"column":81}},"34":{"start":{"line":63,"column":6},"end":{"line":102,"column":23}},"35":{"start":{"line":68,"column":23},"end":{"line":68,"column":41}},"36":{"start":{"line":75,"column":12},"end":{"line":87,"column":18}},"37":{"start":{"line":91,"column":38},"end":{"line":91,"column":91}},"38":{"start":{"line":93,"column":10},"end":{"line":100,"column":26}},"39":{"start":{"line":95,"column":14},"end":{"line":95,"column":32}},"40":{"start":{"line":106,"column":2},"end":{"line":111,"column":4}},"41":{"start":{"line":114,"column":0},"end":{"line":122,"column":2}},"42":{"start":{"line":124,"column":0},"end":{"line":128,"column":2}}},"fnMap":{"0":{"name":"(anonymous_0)","decl":{"start":{"line":8,"column":19},"end":{"line":8,"column":20}},"loc":{"start":{"line":10,"column":6},"end":{"line":112,"column":1}},"line":10},"1":{"name":"(anonymous_1)","decl":{"start":{"line":18,"column":23},"end":{"line":18,"column":24}},"loc":{"start":{"line":18,"column":29},"end":{"line":34,"column":3}},"line":18},"2":{"name":"(anonymous_2)","decl":{"start":{"line":36,"column":23},"end":{"line":36,"column":24}},"loc":{"start":{"line":36,"column":32},"end":{"line":42,"column":3}},"line":36},"3":{"name":"(anonymous_3)","decl":{"start":{"line":44,"column":12},"end":{"line":44,"column":13}},"loc":{"start":{"line":44,"column":18},"end":{"line":53,"column":3}},"line":44},"4":{"name":"(anonymous_4)","decl":{"start":{"line":68,"column":17},"end":{"line":68,"column":18}},"loc":{"start":{"line":68,"column":23},"end":{"line":68,"column":41}},"line":68},"5":{"name":"(anonymous_5)","decl":{"start":{"line":72,"column":11},"end":{"line":72,"column":12}},"loc":{"start":{"line":75,"column":12},"end":{"line":87,"column":18}},"line":75},"6":{"name":"(anonymous_6)","decl":{"start":{"line":91,"column":32},"end":{"line":91,"column":33}},"loc":{"start":{"line":91,"column":38},"end":{"line":91,"column":91}},"line":91},"7":{"name":"(anonymous_7)","decl":{"start":{"line":92,"column":28},"end":{"line":92,"column":29}},"loc":{"start":{"line":93,"column":10},"end":{"line":100,"column":26}},"line":93},"8":{"name":"(anonymous_8)","decl":{"start":{"line":94,"column":21},"end":{"line":94,"column":22}},"loc":{"start":{"line":94,"column":27},"end":{"line":96,"column":13}},"line":94}},"branchMap":{"0":{"loc":{"start":{"line":20,"column":4},"end":{"line":32,"column":5}},"type":"if","locations":[{"start":{"line":20,"column":4},"end":{"line":32,"column":5}},{"start":{"line":20,"column":4},"end":{"line":32,"column":5}}],"line":20},"1":{"loc":{"start":{"line":23,"column":8},"end":{"line":25,"column":9}},"type":"if","locations":[{"start":{"line":23,"column":8},"end":{"line":25,"column":9}},{"start":{"line":23,"column":8},"end":{"line":25,"column":9}}],"line":23},"2":{"loc":{"start":{"line":27,"column":6},"end":{"line":31,"column":7}},"type":"if","locations":[{"start":{"line":27,"column":6},"end":{"line":31,"column":7}},{"start":{"line":27,"column":6},"end":{"line":31,"column":7}}],"line":27},"3":{"loc":{"start":{"line":47,"column":4},"end":{"line":51,"column":5}},"type":"if","locations":[{"start":{"line":47,"column":4},"end":{"line":51,"column":5}},{"start":{"line":47,"column":4},"end":{"line":51,"column":5}}],"line":47},"4":{"loc":{"start":{"line":55,"column":2},"end":{"line":104,"column":3}},"type":"if","locations":[{"start":{"line":55,"column":2},"end":{"line":104,"column":3}},{"start":{"line":55,"column":2},"end":{"line":104,"column":3}}],"line":55},"5":{"loc":{"start":{"line":109,"column":7},"end":{"line":109,"column":53}},"type":"cond-expr","locations":[{"start":{"line":109,"column":35},"end":{"line":109,"column":40}},{"start":{"line":109,"column":43},"end":{"line":109,"column":53}}],"line":109}},"s":{"0":4,"1":9,"2":9,"3":9,"4":9,"5":9,"6":9,"7":3,"8":3,"9":3,"10":3,"11":3,"12":9,"13":5,"14":3,"15":1,"16":2,"17":3,"18":9,"19":0,"20":0,"21":0,"22":0,"23":0,"24":9,"25":3,"26":3,"27":3,"28":0,"29":0,"30":0,"31":3,"32":9,"33":5,"34":4,"35":1,"36":0,"37":0,"38":10,"39":0,"40":9,"41":4,"42":4},"f":{"0":9,"1":3,"2":0,"3":3,"4":1,"5":0,"6":0,"7":10,"8":0},"b":{"0":[3,0],"1":[5,4],"2":[1,2],"3":[0,3],"4":[5,4],"5":[4,5]},"_coverageSchema":"1a1c01bbd47fc00a2c39e90264f33305004495a9","hash":"6d48e8f806a329f66567b34a7b40ff9f9b72bfce"}
,"/Users/malcolmmarshall/Desktop/HR/project-catwalk/components/Description-Scott/ImageGallery/ImageGallery.jsx": {"path":"/Users/malcolmmarshall/Desktop/HR/project-catwalk/components/Description-Scott/ImageGallery/ImageGallery.jsx","statementMap":{"0":{"start":{"line":7,"column":21},"end":{"line":315,"column":1}},"1":{"start":{"line":8,"column":42},"end":{"line":8,"column":54}},"2":{"start":{"line":9,"column":46},"end":{"line":9,"column":58}},"3":{"start":{"line":10,"column":38},"end":{"line":10,"column":50}},"4":{"start":{"line":12,"column":44},"end":{"line":12,"column":56}},"5":{"start":{"line":13,"column":50},"end":{"line":13,"column":61}},"6":{"start":{"line":15,"column":28},"end":{"line":15,"column":39}},"7":{"start":{"line":16,"column":26},"end":{"line":16,"column":45}},"8":{"start":{"line":17,"column":44},"end":{"line":17,"column":69}},"9":{"start":{"line":19,"column":29},"end":{"line":26,"column":3}},"10":{"start":{"line":28,"column":28},"end":{"line":32,"column":3}},"11":{"start":{"line":37,"column":20},"end":{"line":51,"column":3}},"12":{"start":{"line":38,"column":4},"end":{"line":50,"column":5}},"13":{"start":{"line":39,"column":6},"end":{"line":39,"column":47}},"14":{"start":{"line":41,"column":32},"end":{"line":41,"column":34}},"15":{"start":{"line":42,"column":28},"end":{"line":42,"column":30}},"16":{"start":{"line":44,"column":6},"end":{"line":47,"column":7}},"17":{"start":{"line":44,"column":19},"end":{"line":44,"column":20}},"18":{"start":{"line":45,"column":8},"end":{"line":45,"column":56}},"19":{"start":{"line":46,"column":8},"end":{"line":46,"column":62}},"20":{"start":{"line":48,"column":6},"end":{"line":48,"column":43}},"21":{"start":{"line":49,"column":6},"end":{"line":49,"column":35}},"22":{"start":{"line":54,"column":24},"end":{"line":78,"column":3}},"23":{"start":{"line":55,"column":28},"end":{"line":55,"column":30}},"24":{"start":{"line":56,"column":25},"end":{"line":56,"column":26}},"25":{"start":{"line":57,"column":18},"end":{"line":57,"column":19}},"26":{"start":{"line":58,"column":4},"end":{"line":73,"column":5}},"27":{"start":{"line":59,"column":27},"end":{"line":59,"column":29}},"28":{"start":{"line":60,"column":6},"end":{"line":71,"column":7}},"29":{"start":{"line":60,"column":19},"end":{"line":60,"column":20}},"30":{"start":{"line":61,"column":23},"end":{"line":61,"column":63}},"31":{"start":{"line":62,"column":8},"end":{"line":64,"column":9}},"32":{"start":{"line":63,"column":10},"end":{"line":63,"column":42}},"33":{"start":{"line":65,"column":8},"end":{"line":65,"column":67}},"34":{"start":{"line":66,"column":8},"end":{"line":66,"column":21}},"35":{"start":{"line":67,"column":8},"end":{"line":67,"column":28}},"36":{"start":{"line":68,"column":8},"end":{"line":70,"column":9}},"37":{"start":{"line":69,"column":10},"end":{"line":69,"column":16}},"38":{"start":{"line":72,"column":6},"end":{"line":72,"column":41}},"39":{"start":{"line":74,"column":4},"end":{"line":76,"column":5}},"40":{"start":{"line":75,"column":6},"end":{"line":75,"column":18}},"41":{"start":{"line":77,"column":4},"end":{"line":77,"column":38}},"42":{"start":{"line":83,"column":23},"end":{"line":86,"column":3}},"43":{"start":{"line":84,"column":4},"end":{"line":84,"column":51}},"44":{"start":{"line":85,"column":4},"end":{"line":85,"column":28}},"45":{"start":{"line":89,"column":17},"end":{"line":106,"column":3}},"46":{"start":{"line":90,"column":4},"end":{"line":105,"column":5}},"47":{"start":{"line":93,"column":8},"end":{"line":93,"column":50}},"48":{"start":{"line":94,"column":8},"end":{"line":94,"column":28}},"49":{"start":{"line":95,"column":8},"end":{"line":95,"column":28}},"50":{"start":{"line":96,"column":8},"end":{"line":96,"column":14}},"51":{"start":{"line":98,"column":8},"end":{"line":98,"column":48}},"52":{"start":{"line":99,"column":8},"end":{"line":99,"column":26}},"53":{"start":{"line":100,"column":8},"end":{"line":100,"column":14}},"54":{"start":{"line":102,"column":8},"end":{"line":102,"column":42}},"55":{"start":{"line":103,"column":8},"end":{"line":103,"column":27}},"56":{"start":{"line":104,"column":8},"end":{"line":104,"column":29}},"57":{"start":{"line":109,"column":26},"end":{"line":123,"column":3}},"58":{"start":{"line":110,"column":19},"end":{"line":110,"column":35}},"59":{"start":{"line":111,"column":4},"end":{"line":121,"column":5}},"60":{"start":{"line":112,"column":6},"end":{"line":112,"column":20}},"61":{"start":{"line":113,"column":6},"end":{"line":115,"column":7}},"62":{"start":{"line":114,"column":8},"end":{"line":114,"column":44}},"63":{"start":{"line":117,"column":6},"end":{"line":117,"column":20}},"64":{"start":{"line":118,"column":6},"end":{"line":120,"column":7}},"65":{"start":{"line":119,"column":8},"end":{"line":119,"column":21}},"66":{"start":{"line":122,"column":4},"end":{"line":122,"column":34}},"67":{"start":{"line":128,"column":29},"end":{"line":176,"column":3}},"68":{"start":{"line":129,"column":4},"end":{"line":175,"column":5}},"69":{"start":{"line":131,"column":8},"end":{"line":138,"column":10}},"70":{"start":{"line":140,"column":8},"end":{"line":148,"column":10}},"71":{"start":{"line":150,"column":8},"end":{"line":172,"column":10}},"72":{"start":{"line":174,"column":8},"end":{"line":174,"column":20}},"73":{"start":{"line":178,"column":2},"end":{"line":180,"column":18}},"74":{"start":{"line":179,"column":4},"end":{"line":179,"column":16}},"75":{"start":{"line":182,"column":2},"end":{"line":185,"column":19}},"76":{"start":{"line":183,"column":4},"end":{"line":183,"column":20}},"77":{"start":{"line":184,"column":4},"end":{"line":184,"column":27}},"78":{"start":{"line":187,"column":2},"end":{"line":314,"column":4}},"79":{"start":{"line":201,"column":12},"end":{"line":203,"column":28}},"80":{"start":{"line":233,"column":12},"end":{"line":239,"column":13}},"81":{"start":{"line":234,"column":14},"end":{"line":234,"column":48}},"82":{"start":{"line":235,"column":14},"end":{"line":235,"column":33}},"83":{"start":{"line":236,"column":14},"end":{"line":236,"column":35}},"84":{"start":{"line":238,"column":14},"end":{"line":238,"column":23}},"85":{"start":{"line":260,"column":31},"end":{"line":260,"column":52}},"86":{"start":{"line":268,"column":14},"end":{"line":278,"column":21}},"87":{"start":{"line":275,"column":33},"end":{"line":275,"column":65}},"88":{"start":{"line":284,"column":31},"end":{"line":284,"column":54}},"89":{"start":{"line":317,"column":0},"end":{"line":325,"column":2}},"90":{"start":{"line":327,"column":0},"end":{"line":329,"column":2}}},"fnMap":{"0":{"name":"(anonymous_0)","decl":{"start":{"line":7,"column":21},"end":{"line":7,"column":22}},"loc":{"start":{"line":7,"column":55},"end":{"line":315,"column":1}},"line":7},"1":{"name":"(anonymous_1)","decl":{"start":{"line":37,"column":20},"end":{"line":37,"column":21}},"loc":{"start":{"line":37,"column":26},"end":{"line":51,"column":3}},"line":37},"2":{"name":"(anonymous_2)","decl":{"start":{"line":54,"column":24},"end":{"line":54,"column":25}},"loc":{"start":{"line":54,"column":30},"end":{"line":78,"column":3}},"line":54},"3":{"name":"(anonymous_3)","decl":{"start":{"line":83,"column":23},"end":{"line":83,"column":24}},"loc":{"start":{"line":83,"column":42},"end":{"line":86,"column":3}},"line":83},"4":{"name":"(anonymous_4)","decl":{"start":{"line":89,"column":17},"end":{"line":89,"column":18}},"loc":{"start":{"line":89,"column":23},"end":{"line":106,"column":3}},"line":89},"5":{"name":"(anonymous_5)","decl":{"start":{"line":109,"column":26},"end":{"line":109,"column":27}},"loc":{"start":{"line":109,"column":41},"end":{"line":123,"column":3}},"line":109},"6":{"name":"(anonymous_6)","decl":{"start":{"line":128,"column":29},"end":{"line":128,"column":30}},"loc":{"start":{"line":128,"column":40},"end":{"line":176,"column":3}},"line":128},"7":{"name":"(anonymous_7)","decl":{"start":{"line":178,"column":12},"end":{"line":178,"column":13}},"loc":{"start":{"line":178,"column":18},"end":{"line":180,"column":3}},"line":178},"8":{"name":"(anonymous_8)","decl":{"start":{"line":182,"column":12},"end":{"line":182,"column":13}},"loc":{"start":{"line":182,"column":18},"end":{"line":185,"column":3}},"line":182},"9":{"name":"(anonymous_9)","decl":{"start":{"line":200,"column":58},"end":{"line":200,"column":59}},"loc":{"start":{"line":201,"column":12},"end":{"line":203,"column":28}},"line":201},"10":{"name":"(anonymous_10)","decl":{"start":{"line":232,"column":19},"end":{"line":232,"column":20}},"loc":{"start":{"line":232,"column":25},"end":{"line":240,"column":11}},"line":232},"11":{"name":"(anonymous_11)","decl":{"start":{"line":260,"column":25},"end":{"line":260,"column":26}},"loc":{"start":{"line":260,"column":31},"end":{"line":260,"column":52}},"line":260},"12":{"name":"(anonymous_12)","decl":{"start":{"line":267,"column":76},"end":{"line":267,"column":77}},"loc":{"start":{"line":268,"column":14},"end":{"line":278,"column":21}},"line":268},"13":{"name":"(anonymous_13)","decl":{"start":{"line":275,"column":27},"end":{"line":275,"column":28}},"loc":{"start":{"line":275,"column":33},"end":{"line":275,"column":65}},"line":275},"14":{"name":"(anonymous_14)","decl":{"start":{"line":284,"column":25},"end":{"line":284,"column":26}},"loc":{"start":{"line":284,"column":31},"end":{"line":284,"column":54}},"line":284}},"branchMap":{"0":{"loc":{"start":{"line":38,"column":4},"end":{"line":50,"column":5}},"type":"if","locations":[{"start":{"line":38,"column":4},"end":{"line":50,"column":5}},{"start":{"line":38,"column":4},"end":{"line":50,"column":5}}],"line":38},"1":{"loc":{"start":{"line":61,"column":23},"end":{"line":61,"column":63}},"type":"binary-expr","locations":[{"start":{"line":61,"column":23},"end":{"line":61,"column":49}},{"start":{"line":61,"column":53},"end":{"line":61,"column":63}}],"line":61},"2":{"loc":{"start":{"line":62,"column":8},"end":{"line":64,"column":9}},"type":"if","locations":[{"start":{"line":62,"column":8},"end":{"line":64,"column":9}},{"start":{"line":62,"column":8},"end":{"line":64,"column":9}}],"line":62},"3":{"loc":{"start":{"line":68,"column":8},"end":{"line":70,"column":9}},"type":"if","locations":[{"start":{"line":68,"column":8},"end":{"line":70,"column":9}},{"start":{"line":68,"column":8},"end":{"line":70,"column":9}}],"line":68},"4":{"loc":{"start":{"line":74,"column":4},"end":{"line":76,"column":5}},"type":"if","locations":[{"start":{"line":74,"column":4},"end":{"line":76,"column":5}},{"start":{"line":74,"column":4},"end":{"line":76,"column":5}}],"line":74},"5":{"loc":{"start":{"line":90,"column":4},"end":{"line":105,"column":5}},"type":"switch","locations":[{"start":{"line":91,"column":6},"end":{"line":91,"column":21}},{"start":{"line":92,"column":6},"end":{"line":96,"column":14}},{"start":{"line":97,"column":6},"end":{"line":100,"column":14}},{"start":{"line":101,"column":6},"end":{"line":104,"column":29}}],"line":90},"6":{"loc":{"start":{"line":111,"column":4},"end":{"line":121,"column":5}},"type":"if","locations":[{"start":{"line":111,"column":4},"end":{"line":121,"column":5}},{"start":{"line":111,"column":4},"end":{"line":121,"column":5}}],"line":111},"7":{"loc":{"start":{"line":113,"column":6},"end":{"line":115,"column":7}},"type":"if","locations":[{"start":{"line":113,"column":6},"end":{"line":115,"column":7}},{"start":{"line":113,"column":6},"end":{"line":115,"column":7}}],"line":113},"8":{"loc":{"start":{"line":118,"column":6},"end":{"line":120,"column":7}},"type":"if","locations":[{"start":{"line":118,"column":6},"end":{"line":120,"column":7}},{"start":{"line":118,"column":6},"end":{"line":120,"column":7}}],"line":118},"9":{"loc":{"start":{"line":129,"column":4},"end":{"line":175,"column":5}},"type":"switch","locations":[{"start":{"line":130,"column":6},"end":{"line":138,"column":10}},{"start":{"line":139,"column":6},"end":{"line":148,"column":1
[...]
e":26,"column":39}},"15":{"start":{"line":28,"column":4},"end":{"line":28,"column":60}},"16":{"start":{"line":29,"column":4},"end":{"line":29,"column":60}},"17":{"start":{"line":32,"column":27},"end":{"line":45,"column":3}},"18":{"start":{"line":33,"column":4},"end":{"line":35,"column":5}},"19":{"start":{"line":34,"column":6},"end":{"line":34,"column":31}},"20":{"start":{"line":36,"column":4},"end":{"line":38,"column":5}},"21":{"start":{"line":37,"column":6},"end":{"line":37,"column":37}},"22":{"start":{"line":39,"column":23},"end":{"line":39,"column":24}},"23":{"start":{"line":40,"column":19},"end":{"line":40,"column":41}},"24":{"start":{"line":41,"column":4},"end":{"line":43,"column":5}},"25":{"start":{"line":41,"column":17},"end":{"line":41,"column":18}},"26":{"start":{"line":42,"column":6},"end":{"line":42,"column":40}},"27":{"start":{"line":44,"column":4},"end":{"line":44,"column":80}},"28":{"start":{"line":47,"column":2},"end":{"line":50,"column":20}},"29":{"start":{"line":48,"column":4},"end":{"line":48,"column":39}},"30":{"start":{"line":49,"column":4},"end":{"line":49,"column":72}},"31":{"start":{"line":52,"column":2},"end":{"line":75,"column":4}},"32":{"start":{"line":78,"column":0},"end":{"line":95,"column":2}},"33":{"start":{"line":97,"column":0},"end":{"line":100,"column":2}}},"fnMap":{"0":{"name":"(anonymous_0)","decl":{"start":{"line":9,"column":25},"end":{"line":9,"column":26}},"loc":{"start":{"line":11,"column":6},"end":{"line":76,"column":1}},"line":11},"1":{"name":"(anonymous_1)","decl":{"start":{"line":15,"column":24},"end":{"line":15,"column":25}},"loc":{"start":{"line":15,"column":40},"end":{"line":30,"column":3}},"line":15},"2":{"name":"(anonymous_2)","decl":{"start":{"line":32,"column":27},"end":{"line":32,"column":28}},"loc":{"start":{"line":32,"column":51},"end":{"line":45,"column":3}},"line":32},"3":{"name":"(anonymous_3)","decl":{"start":{"line":47,"column":12},"end":{"line":47,"column":13}},"loc":{"start":{"line":47,"column":18},"end":{"line":50,"column":3}},"line":47}},"branchMap":{"0":{"loc":{"start":{"line":16,"column":4},"end":{"line":19,"column":5}},"type":"if","locations":[{"start":{"line":16,"column":4},"end":{"line":19,"column":5}},{"start":{"line":16,"column":4},"end":{"line":19,"column":5}}],"line":16},"1":{"loc":{"start":{"line":33,"column":4},"end":{"line":35,"column":5}},"type":"if","locations":[{"start":{"line":33,"column":4},"end":{"line":35,"column":5}},{"start":{"line":33,"column":4},"end":{"line":35,"column":5}}],"line":33},"2":{"loc":{"start":{"line":36,"column":4},"end":{"line":38,"column":5}},"type":"if","locations":[{"start":{"line":36,"column":4},"end":{"line":38,"column":5}},{"start":{"line":36,"column":4},"end":{"line":38,"column":5}}],"line":36},"3":{"loc":{"start":{"line":60,"column":9},"end":{"line":65,"column":50}},"type":"cond-expr","locations":[{"start":{"line":61,"column":10},"end":{"line":64,"column":13}},{"start":{"line":65,"column":12},"end":{"line":65,"column":50}}],"line":60}},"s":{"0":3,"1":0,"2":0,"3":0,"4":0,"5":0,"6":0,"7":0,"8":0,"9":0,"10":0,"11":0,"12":0,"13":0,"14":0,"15":0,"16":0,"17":0,"18":0,"19":0,"20":0,"21":0,"22":0,"23":0,"24":0,"25":0,"26":0,"27":0,"28":0,"29":0,"30":0,"31":0,"32":3,"33":3},"f":{"0":0,"1":0,"2":0,"3":0},"b":{"0":[0,0],"1":[0,0],"2":[0,0],"3":[0,0]},"_coverageSchema":"1a1c01bbd47fc00a2c39e90264f33305004495a9","hash":"5240473741a1f09e3c3ff13bcde246e12e85e3a6"}
,"/Users/malcolmmarshall/Desktop/HR/project-catwalk/components/Reviews-Jim/components/ReviewsList.jsx": {"path":"/Users/malcolmmarshall/Desktop/HR/project-catwalk/components/Reviews-Jim/components/ReviewsList.jsx","statementMap":{"0":{"start":{"line":12,"column":20},"end":{"line":123,"column":1}},"1":{"start":{"line":17,"column":25},"end":{"line":17,"column":64}},"2":{"start":{"line":18,"column":48},"end":{"line":18,"column":60}},"3":{"start":{"line":19,"column":40},"end":{"line":19,"column":51}},"4":{"start":{"line":20,"column":26},"end":{"line":20,"column":41}},"5":{"start":{"line":22,"column":27},"end":{"line":32,"column":3}},"6":{"start":{"line":23,"column":24},"end":{"line":23,"column":26}},"7":{"start":{"line":24,"column":4},"end":{"line":31,"column":5}},"8":{"start":{"line":25,"column":6},"end":{"line":27,"column":7}},"9":{"start":{"line":25,"column":19},"end":{"line":25,"column":20}},"10":{"start":{"line":26,"column":8},"end":{"line":26,"column":37}},"11":{"start":{"line":28,"column":6},"end":{"line":28,"column":38}},"12":{"start":{"line":30,"column":6},"end":{"line":30,"column":34}},"13":{"start":{"line":34,"column":27},"end":{"line":46,"column":3}},"14":{"start":{"line":35,"column":4},"end":{"line":45,"column":5}},"15":{"start":{"line":36,"column":26},"end":{"line":36,"column":28}},"16":{"start":{"line":37,"column":6},"end":{"line":41,"column":7}},"17":{"start":{"line":37,"column":19},"end":{"line":37,"column":20}},"18":{"start":{"line":38,"column":8},"end":{"line":40,"column":9}},"19":{"start":{"line":39,"column":10},"end":{"line":39,"column":39}},"20":{"start":{"line":42,"column":6},"end":{"line":42,"column":38}},"21":{"start":{"line":44,"column":6},"end":{"line":44,"column":52}},"22":{"start":{"line":48,"column":21},"end":{"line":78,"column":3}},"23":{"start":{"line":49,"column":4},"end":{"line":49,"column":23}},"24":{"start":{"line":50,"column":14},"end":{"line":50,"column":88}},"25":{"start":{"line":52,"column":4},"end":{"line":54,"column":5}},"26":{"start":{"line":53,"column":6},"end":{"line":53,"column":23}},"27":{"start":{"line":55,"column":4},"end":{"line":57,"column":5}},"28":{"start":{"line":56,"column":6},"end":{"line":56,"column":22}},"29":{"start":{"line":59,"column":20},"end":{"line":65,"column":5}},"30":{"start":{"line":67,"column":4},"end":{"line":77,"column":62}},"31":{"start":{"line":69,"column":8},"end":{"line":69,"column":41}},"32":{"start":{"line":72,"column":8},"end":{"line":72,"column":27}},"33":{"start":{"line":75,"column":8},"end":{"line":75,"column":77}},"34":{"start":{"line":77,"column":24},"end":{"line":77,"column":58}},"35":{"start":{"line":80,"column":2},"end":{"line":83,"column":34}},"36":{"start":{"line":81,"column":4},"end":{"line":81,"column":50}},"37":{"start":{"line":82,"column":4},"end":{"line":82,"column":27}},"38":{"start":{"line":85,"column":2},"end":{"line":87,"column":22}},"39":{"start":{"line":86,"column":4},"end":{"line":86,"column":67}},"40":{"start":{"line":89,"column":2},"end":{"line":122,"column":4}},"41":{"start":{"line":99,"column":27},"end":{"line":99,"column":46}},"42":{"start":{"line":107,"column":41},"end":{"line":107,"column":142}},"43":{"start":{"line":110,"column":157},"end":{"line":110,"column":188}},"44":{"start":{"line":111,"column":119},"end":{"line":111,"column":136}},"45":{"start":{"line":112,"column":58},"end":{"line":112,"column":72}},"46":{"start":{"line":112,"column":73},"end":{"line":112,"column":131}},"47":{"start":{"line":117,"column":22},"end":{"line":117,"column":36}},"48":{"start":{"line":125,"column":0},"end":{"line":155,"column":2}},"49":{"start":{"line":157,"column":0},"end":{"line":161,"column":2}}},"fnMap":{"0":{"name":"(anonymous_0)","decl":{"start":{"line":12,"column":20},"end":{"line":12,"column":21}},"loc":{"start":{"line":16,"column":6},"end":{"line":123,"column":1}},"line":16},"1":{"name":"(anonymous_1)","decl":{"start":{"line":22,"column":27},"end":{"line":22,"column":28}},"loc":{"start":{"line":22,"column":47},"end":{"line":32,"column":3}},"line":22},"2":{"name":"(anonymous_2)","decl":{"start":{"line":34,"column":27},"end":{"line":34,"column":28}},"loc":{"start":{"line":34,"column":60},"end":{"line":46,"column":3}},"line":34},"3":{"name":"(anonymous_3)","decl":{"start":{"line":48,"column":21},"end":{"line":48,"column":22}},"loc":{"start":{"line":48,"column":46},"end":{"line":78,"column":3}},"line":48},"4":{"name":"(anonymous_4)","decl":{"start":{"line":68,"column":12},"end":{"line":68,"column":13}},"loc":{"start":{"line":68,"column":21},"end":{"line":70,"column":7}},"line":68},"5":{"name":"(anonymous_5)","decl":{"start":{"line":71,"column":12},"end":{"line":71,"column":13}},"loc":{"start":{"line":71,"column":18},"end":{"line":73,"column":7}},"line":71},"6":{"name":"(anonymous_6)","decl":{"start":{"line":74,"column":12},"end":{"line":74,"column":13}},"loc":{"start":{"line":74,"column":18},"end":{"line":76,"column":7}},"line":74},"7":{"name":"(anonymous_7)","decl":{"start":{"line":77,"column":13},"end":{"line":77,"column":14}},"loc":{"start":{"line":77,"column":22},"end":{"line":77,"column":60}},"line":77},"8":{"name":"(anonymous_8)","decl":{"start":{"line":80,"column":12},"end":{"line":80,"column":13}},"loc":{"start":{"line":80,"column":18},"end":{"line":83,"column":3}},"line":80},"9":{"name":"(anonymous_9)","decl":{"start":{"line":85,"column":12},"end":{"line":85,"column":13}},"loc":{"start":{"line":85,"column":18},"end":{"line":87,"column":3}},"line":85},"10":{"name":"(anonymous_10)","decl":{"start":{"line":99,"column":20},"end":{"line":99,"column":21}},"loc":{"start":{"line":99,"column":27},"end":{"line":99,"column":46}},"line":99},"11":{"name":"(anonymous_11)","decl":{"start":{"line":107,"column":29},"end":{"line":107,"column":30}},"loc":{"start":{"line":107,"column":41},"end":{"line":107,"column":142}},"line":107},"12":{"name":"(anonymous_12)","decl":{"start":{"line":110,"column":151},"end":{"line":110,"column":152}},"loc":{"start":{"line":110,"column":157},"end":{"line":110,"column":188}},"line":110},"13":{"name":"(anonymous_13)","decl":{"start":{"line":111,"column":113},"end":{"line":111,"column":114}},"loc":{"start":{"line":111,"column":119},"end":{"line":111,"column":136}},"line":111},"14":{"name":"(anonymous_14)","decl":{"start":{"line":112,"column":50},"end":{"line":112,"column":51}},"loc":{"start":{"line":112,"column":56},"end":{"line":112,"column":133}},"line":112},"15":{"name":"(anonymous_15)","decl":{"start":{"line":117,"column":16},"end":{"line":117,"column":17}},"loc":{"start":{"line":117,"column":22},"end":{"line":117,"column":36}},"line":117}},"branchMap":{"0":{"loc":{"start":{"line":24,"column":4},"end":{"line":31,"column":5}},"type":"if","locations":[{"start":{"line":24,"column":4},"end":{"line":31,"column":5}},{"start":{"line":24,"column":4},"end":{"line":31,"column":5}}],"line":24},"1":{"loc":{"start":{"line":35,"column":4},"end":{"line":45,"column":5}},"type":"if","locations":[{"start":{"line":35,"column":4},"end":{"line":45,"column":5}},{"start":{"line":35,"column":4},"end":{"line":45,"column":5}}],"line":35},"2":{"loc":{"start":{"line":38,"column":8},"end":{"line":40,"column":9}},"type":"if","locations":[{"start":{"line":38,"column":8},"end":{"line":40,"column":9}},{"start":{"line":38,"column":8},"end":{"line":40,"column":9}}],"line":38},"3":{"loc":{"start":{"line":52,"column":4},"end":{"line":54,"column":5}},"type":"if","locations":[{"start":{"line":52,"column":4},"end":{"line":54,"column":5}},{"start":{"line":52,"column":4},"end":{"line":54,"column":5}}],"line":52},"4":{"loc":{"start":{"line":55,"column":4},"end":{"line":57,"column":5}},"type":"if","locations":[{"start":{"line":55,"column":4},"end":{"line":57,"column":5}},{"start":{"line":55,"column":4},"end":{"line":57,"column":5}}],"line":55},"5":{"loc":{"start":{"line":75,"column":8},"end":{"line":75,"column":77}},"type":"cond-expr","locations":[{"start":{"line":75,"column":32},"end":{"line":75,"column":70}},{"start":{"line":75,"column":73},"end":{"line":75,"column":77}}],"line":75},"6":{"loc":{"start":{"line":109,"column":7},"end":{"line":109,"column":86}},"type":"cond-expr","locations":[{"start":{"line":109,"column":32},"end":{"line":109,"column":79}},{"start":{"line":109,"column":82},"end":{"line":109,"column":86}}],"line":109},"7":{"loc":{"start":{"line":110,"column":7},"end":{"line":110,"column":211}},"type":"cond-expr","locations":[{"start":{"line":110,"column":78},"end":{"line":110,"column":82}},{"start":{"line":110,"column":85},"end":{"line":110,"column":211}}],"line":110},"8":{"loc":{"start":{"line":110,"column":8},"end":{"line":110,"column":74}},"type":"binary-expr","locations":[{"start":{"line":110,"column":8},"end":{"line":110,"column":34}},{"start":{"line":110,"column":38},"end":{"line":110,"column":74}}],"line":110},"9":{"loc":{"start":{"line":111,"column":7},"end":{"line":111,"column":167}},"type":"cond-expr","locations":[{"start":{"line":111,"column":46},"end":{"line":111,"column":160}},{"start":{"line":111,"column":163},"end":{"line":111,"column":167}}],"line":111}},"s":{"0":3,"1":7,"2":7,"3":7,"4":7,"5":7,"6":3,"7":3,"8":3,"9":3,"10":8,"11":3,"12":0,"13":7,"14":1,"15":0,"16":0,"17":0,"18":0,"19":0,"20":0,"21":1,"22":7,"23":0,"24":0,"25":0,"26":0,"27":0,"28":0,"29":0,"30":0,"31":0,"32":0,"33":0,"34":0,"35":7,"36":2,"37":2,"38":7,"39":1,"40":7,"41":0,"42":8,"43":1,"44":0,"45":0,"46":0,"47":0,"48":3,"49":3},"f":{"0":7,"1":3,"2":1,"3":0,"4":0,"5":0,"6":0,"7":0,"8":2,"9":1,"10":0,"11":8,"12":1,"13":0,"14":0,"15":0},"b":{"0":[3,0],"1":[0,1],"2":[0,0],"3":[0,0],"4":[0,0],"5":[0,0],"6":[1,6],"7":[1,6],"8":[7,6],"9":[1,6]},"_coverageSchema":"1a1c01bbd47fc00a2c39e90264f33305004495a9","hash":"2387e985ca419066bceb1ab3f103a1985b115f34"}
,"/Users/malcolmmarshall/Desktop/HR/project-catwalk/components/Reviews-Jim/components/Stars.jsx": {"path":"/Users/malcolmmarshall/Desktop/HR/project-catwalk/components/Reviews-Jim/components/Stars.jsx","statementMap":{"0":{"start":{"line":5,"column":14},"end":{"line":9,"column":1}},"1":{"start":{"line":6,"column":2},"end":{"line":8,"column":8}},"2":{"start":{"line":11,"column":0},"end":{"line":15,"column":2}},"3":{"start":{"line":17,"column":0},"end":{"line":20,"column":2}}},"fnMap":{"0":{"name":"(anonymous_0)","decl":{"start":{"line":5,"column":14},"end":{"line":5,"column":15}},"loc":{"start":{"line":6,"column":2},"end":{"line":8,"column":8}},"line":6}},"branchMap":{},"s":{"0":4,"1":1,"2":4,"3":4},"f":{"0":1},"b":{},"_coverageSchema":"1a1c01bbd47fc00a2c39e90264f33305004495a9","hash":"f7821df37a4edefa7f57b40cb8e142e3dd6392aa"}
,"/Users/malcolmmarshall/Desktop/HR/project-catwalk/pages/index.jsx": {"path":"/Users/malcolmmarshall/Desktop/HR/project-catwalk/pages/index.jsx","statementMap":{"0":{"start":{"line":18,"column":12},"end":{"line":169,"column":1}},"1":{"start":{"line":19,"column":36},"end":{"line":19,"column":51}},"2":{"start":{"line":20,"column":40},"end":{"line":20,"column":63}},"3":{"start":{"line":21,"column":44},"end":{"line":21,"column":58}},"4":{"start":{"line":22,"column":54},"end":{"line":22,"column":68}},"5":{"start":{"line":23,"column":50},"end":{"line":23,"column":64}},"6":{"start":{"line":24,"column":26},"end":{"line":24,"column":38}},"7":{"start":{"line":25,"column":38},"end":{"line":25,"column":53}},"8":{"start":{"line":27,"column":21},"end":{"line":27,"column":29}},"9":{"start":{"line":29,"column":40},"end":{"line":43,"column":3}},"10":{"start":{"line":30,"column":21},"end":{"line":30,"column":46}},"11":{"start":{"line":31,"column":24},"end":{"line":31,"column":26}},"12":{"start":{"line":32,"column":4},"end":{"line":41,"column":5}},"13":{"start":{"line":32,"column":17},"end":{"line":32,"column":18}},"14":{"start":{"line":33,"column":17},"end":{"line":33,"column":28}},"15":{"start":{"line":34,"column":26},"end":{"line":34,"column":50}},"16":{"start":{"line":35,"column":26},"end":{"line":35,"column":48}},"17":{"start":{"line":36,"column":17},"end":{"line":36,"column":31}},"18":{"start":{"line":37,"column":19},"end":{"line":37,"column":33}},"19":{"start":{"line":38,"column":6},"end":{"line":40,"column":7}},"20":{"start":{"line":39,"column":8},"end":{"line":39,"column":74}},"21":{"start":{"line":42,"column":4},"end":{"line":42,"column":25}},"22":{"start":{"line":45,"column":21},"end":{"line":57,"column":3}},"23":{"start":{"line":46,"column":19},"end":{"line":46,"column":21}},"24":{"start":{"line":47,"column":4},"end":{"line":53,"column":7}},"25":{"start":{"line":48,"column":6},"end":{"line":52,"column":7}},"26":{"start":{"line":51,"column":8},"end":{"line":51,"column":29}},"27":{"start":{"line":54,"column":4},"end":{"line":54,"column":20}},"28":{"start":{"line":56,"column":4},"end":{"line":56,"column":47}},"29":{"start":{"line":59,"column":2},"end":{"line":61,"column":9}},"30":{"start":{"line":60,"column":4},"end":{"line":60,"column":36}},"31":{"start":{"line":63,"column":2},"end":{"line":168,"column":4}},"32":{"start":{"line":111,"column":14},"end":{"line":118,"column":33}},"33":{"start":{"line":117,"column":42},"end":{"line":117,"column":58}},"34":{"start":{"line":125,"column":28},"end":{"line":125,"column":54}}},"fnMap":{"0":{"name":"(anonymous_0)","decl":{"start":{"line":18,"column":12},"end":{"line":18,"column":13}},"loc":{"start":{"line":18,"column":18},"end":{"line":169,"column":1}},"line":18},"1":{"name":"(anonymous_1)","decl":{"start":{"line":29,"column":40},"end":{"line":29,"column":41}},"loc":{"start":{"line":29,"column":46},"end":{"line":43,"column":3}},"line":29},"2":{"name":"(anonymous_2)","decl":{"start":{"line":45,"column":21},"end":{"line":45,"column":22}},"loc":{"start":{"line":45,"column":31},"end":{"line":57,"column":3}},"line":45},"3":{"name":"(anonymous_3)","decl":{"start":{"line":47,"column":17},"end":{"line":47,"column":18}},"loc":{"start":{"line":47,"column":30},"end":{"line":53,"column":5}},"line":47},"4":{"name":"(anonymous_4)","decl":{"start":{"line":59,"column":12},"end":{"line":59,"column":13}},"loc":{"start":{"line":59,"column":18},"end":{"line":61,"column":3}},"line":59},"5":{"name":"(anonymous_5)","decl":{"start":{"line":109,"column":40},"end":{"line":109,"column":41}},"loc":{"start":{"line":111,"column":14},"end":{"line":118,"column":33}},"line":111},"6":{"name":"(anonymous_6)","decl":{"start":{"line":117,"column":36},"end":{"line":117,"column":37}},"loc":{"start":{"line":117,"column":42},"end":{"line":117,"column":58}},"line":117},"7":{"name":"(anonymous_7)","decl":{"start":{"line":125,"column":22},"end":{"line":125,"column":23}},"loc":{"start":{"line":125,"column":28},"end":{"line":125,"column":54}},"line":125}},"branchMap":{"0":{"loc":{"start":{"line":38,"column":6},"end":{"line":40,"column":7}},"type":"if","locations":[{"start":{"line":38,"column":6},"end":{"line":40,"column":7}},{"start":{"line":38,"column":6},"end":{"line":40,"column":7}}],"line":38},"1":{"loc":{"start":{"line":48,"column":6},"end":{"line":52,"column":7}},"type":"if","locations":[{"start":{"line":48,"column":6},"end":{"line":52,"column":7}},{"start":{"line":48,"column":6},"end":{"line":52,"column":7}}],"line":48},"2":{"loc":{"start":{"line":48,"column":10},"end":{"line":50,"column":45}},"type":"binary-expr","locations":[{"start":{"line":48,"column":10},"end":{"line":48,"column":36}},{"start":{"line":49,"column":11},"end":{"line":49,"column":37}},{"start":{"line":50,"column":11},"end":{"line":50,"column":45}}],"line":48},"3":{"loc":{"start":{"line":65,"column":7},"end":{"line":78,"column":14}},"type":"cond-expr","locations":[{"start":{"line":66,"column":8},"end":{"line":77,"column":16}},{"start":{"line":78,"column":10},"end":{"line":78,"column":14}}],"line":65},"4":{"loc":{"start":{"line":101,"column":28},"end":{"line":101,"column":63}},"type":"cond-expr","locations":[{"start":{"line":101,"column":41},"end":{"line":101,"column":56}},{"start":{"line":101,"column":59},"end":{"line":101,"column":63}}],"line":101},"5":{"loc":{"start":{"line":109,"column":13},"end":{"line":120,"column":68}},"type":"cond-expr","locations":[{"start":{"line":109,"column":31},"end":{"line":119,"column":14}},{"start":{"line":120,"column":16},"end":{"line":120,"column":68}}],"line":109}},"s":{"0":3,"1":0,"2":0,"3":0,"4":0,"5":0,"6":0,"7":0,"8":0,"9":0,"10":0,"11":0,"12":0,"13":0,"14":0,"15":0,"16":0,"17":0,"18":0,"19":0,"20":0,"21":0,"22":0,"23":0,"24":0,"25":0,"26":0,"27":0,"28":0,"29":0,"30":0,"31":0,"32":0,"33":0,"34":0},"f":{"0":0,"1":0,"2":0,"3":0,"4":0,"5":0,"6":0,"7":0},"b":{"0":[0,0],"1":[0,0],"2":[0,0,0],"3":[0,0],"4":[0,0],"5":[0,0]},"_coverageSchema":"1a1c01bbd47fc00a2c39e90264f33305004495a9","hash":"5ec6888bda52364181f03bc5b6218150d30f2ec8"}
}
