TN:
SF:config.js
FNF:0
FNH:0
LF:0
LH:0
BRF:0
BRH:0
end_of_record
TN:
SF:components/Comparison-Dorien/Comparison.jsx
FN:10,(anonymous_0)
FN:17,(anonymous_1)
FN:26,(anonymous_2)
FN:41,(anonymous_3)
FN:46,(anonymous_4)
FN:48,(anonymous_5)
FN:52,(anonymous_6)
FN:55,(anonymous_7)
FN:61,(anonymous_8)
FN:65,(anonymous_9)
FN:69,(anonymous_10)
FN:70,(anonymous_11)
FN:82,(anonymous_12)
FN:87,(anonymous_13)
FN:90,(anonymous_14)
FN:94,(anonymous_15)
FN:95,(anonymous_16)
FN:102,(anonymous_17)
FN:115,(anonymous_18)
FN:122,(anonymous_19)
FNF:20
FNH:0
FNDA:0,(anonymous_0)
FNDA:0,(anonymous_1)
FNDA:0,(anonymous_2)
FNDA:0,(anonymous_3)
FNDA:0,(anonymous_4)
FNDA:0,(anonymous_5)
FNDA:0,(anonymous_6)
FNDA:0,(anonymous_7)
FNDA:0,(anonymous_8)
FNDA:0,(anonymous_9)
FNDA:0,(anonymous_10)
FNDA:0,(anonymous_11)
FNDA:0,(anonymous_12)
FNDA:0,(anonymous_13)
FNDA:0,(anonymous_14)
FNDA:0,(anonymous_15)
FNDA:0,(anonymous_16)
FNDA:0,(anonymous_17)
FNDA:0,(anonymous_18)
FNDA:0,(anonymous_19)
DA:10,3
DA:11,0
DA:12,0
DA:13,0
DA:14,0
DA:15,0
DA:17,0
DA:18,0
DA:25,0
DA:27,0
DA:28,0
DA:29,0
DA:30,0
DA:32,0
DA:33,0
DA:34,0
DA:36,0
DA:37,0
DA:38,0
DA:42,0
DA:46,0
DA:47,0
DA:48,0
DA:49,0
DA:51,0
DA:53,0
DA:56,0
DA:61,0
DA:62,0
DA:63,0
DA:64,0
DA:65,0
DA:66,0
DA:68,0
DA:70,0
DA:71,0
DA:72,0
DA:74,0
DA:77,0
DA:79,0
DA:80,0
DA:83,0
DA:87,0
DA:88,0
DA:89,0
DA:90,0
DA:91,0
DA:93,0
DA:95,0
DA:96,0
DA:98,0
DA:102,0
DA:103,0
DA:104,0
DA:105,0
DA:106,0
DA:107,0
DA:108,0
DA:109,0
DA:110,0
DA:112,0
DA:115,0
DA:116,0
DA:117,0
DA:118,0
DA:119,0
DA:122,0
DA:123,0
DA:126,0
LF:69
LH:1
BRDA:27,0,0,0
BRDA:27,0,1,0
BRDA:29,1,0,0
BRDA:29,1,1,0
BRDA:71,2,0,0
BRDA:71,2,1,0
BRDA:129,3,0,0
BRDA:129,3,1,0
BRDA:129,4,0,0
BRDA:129,4,1,0
BRDA:129,4,2,0
BRDA:129,4,3,0
BRF:12
BRH:0
end_of_record
TN:
SF:components/Comparison-Dorien/components/Comparison-Modal.jsx
FN:8,(anonymous_0)
FNF:1
FNH:0
FNDA:0,(anonymous_0)
DA:8,3
DA:9,0
DA:10,0
DA:11,0
DA:13,0
DA:14,0
DA:15,0
DA:16,0
DA:17,0
DA:18,0
DA:19,0
DA:23,0
DA:24,0
DA:25,0
DA:26,0
DA:27,0
DA:28,0
DA:29,0
DA:30,0
DA:38,0
LF:20
LH:1
BRDA:23,0,0,0
BRDA:23,0,1,0
BRDA:39,1,0,0
BRDA:39,1,1,0
BRDA:77,2,0,0
BRDA:77,2,1,0
BRDA:77,3,0,0
BRDA:77,3,1,0
BRDA:91,4,0,0
BRDA:91,4,1,0
BRDA:91,5,0,0
BRDA:91,5,1,0
BRF:12
BRH:0
end_of_record
TN:
SF:components/Comparison-Dorien/components/OutfitList.jsx
FN:13,(anonymous_0)
FN:28,removeOutfit
FN:36,(anonymous_2)
FN:39,(anonymous_3)
FN:42,(anonymous_4)
FN:51,(anonymous_5)
FN:55,(anonymous_6)
FN:130,(anonymous_7)
FN:142,(anonymous_8)
FN:161,(anonymous_9)
FN:162,(anonymous_10)
FN:197,(anonymous_11)
FN:200,(anonymous_12)
FN:202,(anonymous_13)
FN:238,(anonymous_14)
FN:241,(anonymous_15)
FN:243,(anonymous_16)
FN:294,(anonymous_17)
FN:295,(anonymous_18)
FN:330,(anonymous_19)
FN:333,(anonymous_20)
FN:335,(anonymous_21)
FN:372,(anonymous_22)
FN:375,(anonymous_23)
FN:377,(anonymous_24)
FN:412,(anonymous_25)
FN:415,(anonymous_26)
FN:417,(anonymous_27)
FNF:28
FNH:0
FNDA:0,(anonymous_0)
FNDA:0,removeOutfit
FNDA:0,(anonymous_2)
FNDA:0,(anonymous_3)
FNDA:0,(anonymous_4)
FNDA:0,(anonymous_5)
FNDA:0,(anonymous_6)
FNDA:0,(anonymous_7)
FNDA:0,(anonymous_8)
FNDA:0,(anonymous_9)
FNDA:0,(anonymous_10)
FNDA:0,(anonymous_11)
FNDA:0,(anonymous_12)
FNDA:0,(anonymous_13)
FNDA:0,(anonymous_14)
FNDA:0,(anonymous_15)
FNDA:0,(anonymous_16)
FNDA:0,(anonymous_17)
FNDA:0,(anonymous_18)
FNDA:0,(anonymous_19)
FNDA:0,(anonymous_20)
FNDA:0,(anonymous_21)
FNDA:0,(anonymous_22)
FNDA:0,(anonymous_23)
FNDA:0,(anonymous_24)
FNDA:0,(anonymous_25)
FNDA:0,(anonymous_26)
FNDA:0,(anonymous_27)
DA:13,3
DA:16,0
DA:17,0
DA:18,0
DA:19,0
DA:20,0
DA:21,0
DA:22,0
DA:24,0
DA:29,0
DA:30,0
DA:32,0
DA:36,0
DA:39,0
DA:42,0
DA:43,0
DA:44,0
DA:45,0
DA:46,0
DA:47,0
DA:51,0
DA:52,0
DA:55,0
DA:56,0
DA:57,0
DA:59,0
DA:60,0
DA:62,0
DA:63,0
DA:64,0
DA:65,0
DA:71,0
DA:72,0
DA:73,0
DA:74,0
DA:75,0
DA:76,0
DA:78,0
DA:79,0
DA:80,0
DA:81,0
DA:82,0
DA:88,0
DA:89,0
DA:90,0
DA:91,0
DA:92,0
DA:93,0
DA:96,0
DA:100,0
DA:101,0
DA:102,0
DA:103,0
DA:104,0
DA:105,0
DA:106,0
DA:107,0
DA:108,0
DA:109,0
DA:110,0
DA:112,0
DA:113,0
DA:114,0
DA:115,0
DA:117,0
DA:118,0
DA:119,0
DA:120,0
DA:121,0
DA:122,0
DA:125,0
DA:130,0
DA:131,0
DA:132,0
DA:136,0
DA:142,0
DA:161,0
DA:162,0
DA:198,0
DA:200,0
DA:202,0
DA:239,0
DA:241,0
DA:243,0
DA:294,0
DA:295,0
DA:331,0
DA:333,0
DA:335,0
DA:373,0
DA:375,0
DA:377,0
DA:413,0
DA:415,0
DA:417,0
LF:95
LH:1
BRDA:46,0,0,0
BRDA:46,0,1,0
BRDA:56,1,0,0
BRDA:56,1,1,0
BRDA:56,2,0,0
BRDA:56,2,1,0
BRDA:56,2,2,0
BRDA:56,2,3,0
BRDA:59,3,0,0
BRDA:59,3,1,0
BRDA:59,4,0,0
BRDA:59,4,1,0
BRDA:59,4,2,0
BRDA:59,4,3,0
BRDA:62,5,0,0
BRDA:62,5,1,0
BRDA:62,6,0,0
BRDA:62,6,1,0
BRDA:64,7,0,0
BRDA:64,7,1,0
BRDA:71,8,0,0
BRDA:71,8,1,0
BRDA:79,9,0,0
BRDA:79,9,1,0
BRDA:81,10,0,0
BRDA:81,10,1,0
BRDA:88,11,0,0
BRDA:88,11,1,0
BRDA:100,12,0,0
BRDA:100,12,1,0
BRDA:102,13,0,0
BRDA:102,13,1,0
BRDA:105,14,0,0
BRDA:105,14,1,0
BRDA:117,15,0,0
BRDA:117,15,1,0
BRDA:125,16,0,0
BRDA:125,16,1,0
BRDA:125,17,0,0
BRDA:125,17,1,0
BRDA:131,18,0,0
BRDA:131,18,1,0
BRDA:131,19,0,0
BRDA:131,19,1,0
BRDA:148,20,0,0
BRDA:148,20,1,0
BRDA:156,21,0,0
BRDA:156,21,1,0
BRDA:168,22,0,0
BRDA:168,22,1,0
BRDA:183,23,0,0
BRDA:183,23,1,0
BRDA:183,24,0,0
BRDA:183,24,1,0
BRDA:194,25,0,0
BRDA:194,25,1,0
BRDA:210,26,0,0
BRDA:210,26,1,0
BRDA:225,27,0,0
BRDA:225,27,1,0
BRDA:225,28,0,0
BRDA:225,28,1,0
BRDA:251,29,0,0
BRDA:251,29,1,0
BRDA:266,30,0,0
BRDA:266,30,1,0
BRDA:266,31,0,0
BRDA:266,31,1,0
BRDA:280,32,0,0
BRDA:280,32,1,0
BRDA:290,33,0,0
BRDA:290,33,1,0
BRDA:301,34,0,0
BRDA:301,34,1,0
BRDA:316,35,0,0
BRDA:316,35,1,0
BRDA:316,36,0,0
BRDA:316,36,1,0
BRDA:327,37,0,0
BRDA:327,37,1,0
BRDA:343,38,0,0
BRDA:343,38,1,0
BRDA:358,39,0,0
BRDA:358,39,1,0
BRDA:358,40,0,0
BRDA:358,40,1,0
BRDA:369,41,0,0
BRDA:369,41,1,0
BRDA:385,42,0,0
BRDA:385,42,1,0
BRDA:400,43,0,0
BRDA:400,43,1,0
BRDA:400,44,0,0
BRDA:400,44,1,0
BRDA:425,45,0,0
BRDA:425,45,1,0
BRDA:440,46,0,0
BRDA:440,46,1,0
BRDA:440,47,0,0
BRDA:440,47,1,0
BRF:100
BRH:0
end_of_record
TN:
SF:components/Comparison-Dorien/components/RelatedProducts.jsx
FN:11,(anonymous_0)
FN:78,(anonymous_1)
FN:81,(anonymous_2)
FN:98,(anonymous_3)
FN:135,(anonymous_4)
FN:138,(anonymous_5)
FN:155,(anonymous_6)
FNF:7
FNH:0
FNDA:0,(anonymous_0)
FNDA:0,(anonymous_1)
FNDA:0,(anonymous_2)
FNDA:0,(anonymous_3)
FNDA:0,(anonymous_4)
FNDA:0,(anonymous_5)
FNDA:0,(anonymous_6)
DA:11,3
DA:15,0
DA:16,0
DA:17,0
DA:18,0
DA:22,0
DA:23,0
DA:54,0
DA:55,0
DA:56,0
DA:57,0
DA:58,0
DA:67,0
DA:68,0
DA:70,0
DA:71,0
DA:73,0
DA:79,0
DA:82,0
DA:98,0
DA:136,0
DA:139,0
DA:155,0
LF:23
LH:1
BRDA:22,0,0,0
BRDA:22,0,1,0
BRDA:56,1,0,0
BRDA:56,1,1,0
BRDA:76,2,0,0
BRDA:76,2,1,0
BRDA:103,3,0,0
BRDA:103,3,1,0
BRDA:118,4,0,0
BRDA:118,4,1,0
BRDA:118,5,0,0
BRDA:118,5,1,0
BRDA:160,6,0,0
BRDA:160,6,1,0
BRDA:175,7,0,0
BRDA:175,7,1,0
BRDA:175,8,0,0
BRDA:175,8,1,0
BRF:18
BRH:0
end_of_record
TN:
SF:components/Description-Scott/ProductDescription.jsx
FN:15,(anonymous_0)
FN:30,(anonymous_1)
FN:39,(anonymous_2)
FN:45,(anonymous_3)
FN:55,(anonymous_4)
FN:60,(anonymous_5)
FN:61,(anonymous_6)
FN:67,(anonymous_7)
FN:70,(anonymous_8)
FN:76,(anonymous_9)
FN:83,(anonymous_10)
FNF:11
FNH:0
FNDA:0,(anonymous_0)
FNDA:0,(anonymous_1)
FNDA:0,(anonymous_2)
FNDA:0,(anonymous_3)
FNDA:0,(anonymous_4)
FNDA:0,(anonymous_5)
FNDA:0,(anonymous_6)
FNDA:0,(anonymous_7)
FNDA:0,(anonymous_8)
FNDA:0,(anonymous_9)
FNDA:0,(anonymous_10)
DA:15,3
DA:19,0
DA:21,0
DA:22,0
DA:23,0
DA:25,0
DA:26,0
DA:28,0
DA:30,0
DA:31,0
DA:38,0
DA:40,0
DA:41,0
DA:42,0
DA:43,0
DA:44,0
DA:45,0
DA:47,0
DA:54,0
DA:56,0
DA:60,0
DA:61,0
DA:64,0
DA:66,0
DA:67,0
DA:70,0
DA:71,0
DA:72,0
DA:76,0
DA:77,0
DA:79,0
DA:83,0
DA:125,3
DA:136,3
LF:34
LH:3
BRDA:60,0,0,0
BRDA:60,0,1,0
BRDA:71,1,0,0
BRDA:71,1,1,0
BRDA:83,2,0,0
BRDA:83,2,1,0
BRDA:86,3,0,0
BRDA:86,3,1,0
BRF:8
BRH:0
end_of_record
TN:
SF:components/Description-Scott/AddToCart/Add.jsx
FN:7,(anonymous_0)
FN:11,(anonymous_1)
FNF:2
FNH:1
FNDA:4,(anonymous_0)
FNDA:0,(anonymous_1)
DA:7,4
DA:10,4
DA:11,4
DA:12,0
DA:13,0
DA:15,0
DA:16,0
DA:18,0
DA:21,4
DA:22,2
DA:24,2
DA:37,4
DA:49,4
LF:13
LH:8
BRDA:12,0,0,0
BRDA:12,0,1,0
BRDA:21,1,0,2
BRDA:21,1,1,2
BRF:4
BRH:2
end_of_record
TN:
SF:components/Description-Scott/AddToCart/AddToCart.jsx
FN:8,(anonymous_0)
FNF:1
FNH:0
FNDA:0,(anonymous_0)
DA:8,3
DA:11,0
DA:12,0
DA:13,0
DA:14,0
DA:15,0
DA:52,3
DA:63,3
LF:8
LH:3
BRF:0
BRH:0
end_of_record
TN:
SF:components/Description-Scott/AddToCart/SelectQuantity.jsx
FN:8,(anonymous_0)
FN:14,(anonymous_1)
FN:22,(anonymous_2)
FN:27,(anonymous_3)
FN:50,(anonymous_4)
FN:52,(anonymous_5)
FN:66,(anonymous_6)
FN:69,(anonymous_7)
FNF:8
FNH:5
FNDA:5,(anonymous_0)
FNDA:3,(anonymous_1)
FNDA:0,(anonymous_2)
FNDA:3,(anonymous_3)
FNDA:18,(anonymous_4)
FNDA:0,(anonymous_5)
FNDA:2,(anonymous_6)
FNDA:0,(anonymous_7)
DA:8,4
DA:9,5
DA:11,5
DA:12,5
DA:14,5
DA:15,3
DA:16,2
DA:17,2
DA:18,2
DA:22,5
DA:23,0
DA:24,0
DA:27,5
DA:28,3
DA:31,5
DA:35,3
DA:37,2
DA:38,2
DA:39,19
DA:40,1
DA:42,18
DA:46,2
DA:51,18
DA:53,0
DA:64,5
DA:67,2
DA:70,0
DA:79,4
DA:86,4
LF:29
LH:25
BRDA:15,0,0,2
BRDA:15,0,1,1
BRDA:31,1,0,3
BRDA:31,1,1,2
BRDA:31,2,0,5
BRDA:31,2,1,2
BRDA:39,3,0,1
BRDA:39,3,1,18
BRDA:74,4,0,2
BRDA:74,4,1,3
BRF:10
BRH:10
end_of_record
TN:
SF:components/Description-Scott/AddToCart/SelectSize.jsx
FN:8,(anonymous_0)
FN:18,(anonymous_1)
FN:36,(anonymous_2)
FN:44,(anonymous_3)
FN:68,(anonymous_4)
FN:72,(anonymous_5)
FN:91,(anonymous_6)
FN:92,(anonymous_7)
FN:94,(anonymous_8)
FNF:9
FNH:5
FNDA:9,(anonymous_0)
FNDA:3,(anonymous_1)
FNDA:0,(anonymous_2)
FNDA:3,(anonymous_3)
FNDA:1,(anonymous_4)
FNDA:0,(anonymous_5)
FNDA:0,(anonymous_6)
FNDA:10,(anonymous_7)
FNDA:0,(anonymous_8)
DA:8,4
DA:11,9
DA:12,9
DA:13,9
DA:15,9
DA:16,9
DA:18,9
DA:19,3
DA:20,3
DA:21,3
DA:22,3
DA:23,9
DA:24,5
DA:27,3
DA:28,1
DA:30,2
DA:33,3
DA:36,9
DA:37,0
DA:38,0
DA:39,0
DA:40,0
DA:41,0
DA:44,9
DA:45,3
DA:46,3
DA:47,3
DA:48,0
DA:49,0
DA:50,0
DA:52,3
DA:55,9
DA:59,5
DA:63,4
DA:68,1
DA:75,0
DA:91,0
DA:93,10
DA:95,0
DA:106,9
DA:114,4
DA:124,4
LF:42
LH:31
BRDA:20,0,0,3
BRDA:20,0,1,0
BRDA:23,1,0,5
BRDA:23,1,1,4
BRDA:27,2,0,1
BRDA:27,2,1,2
BRDA:47,3,0,0
BRDA:47,3,1,3
BRDA:55,4,0,5
BRDA:55,4,1,4
BRDA:109,5,0,4
BRDA:109,5,1,5
BRF:12
BRH:10
end_of_record
TN:
SF:components/Description-Scott/ImageGallery/ImageGallery.jsx
FN:7,(anonymous_0)
FN:37,(anonymous_1)
FN:54,(anonymous_2)
FN:83,(anonymous_3)
FN:89,(anonymous_4)
FN:109,(anonymous_5)
FN:128,(anonymous_6)
FN:178,(anonymous_7)
FN:182,(anonymous_8)
FN:200,(anonymous_9)
FN:232,(anonymous_10)
FN:260,(anonymous_11)
FN:267,(anonymous_12)
FN:275,(anonymous_13)
FN:284,(anonymous_14)
FNF:15
FNH:8
FNDA:9,(anonymous_0)
FNDA:3,(anonymous_1)
FNDA:6,(anonymous_2)
FNDA:0,(anonymous_3)
FNDA:0,(anonymous_4)
FNDA:0,(anonymous_5)
FNDA:50,(anonymous_6)
FNDA:3,(anonymous_7)
FNDA:6,(anonymous_8)
FNDA:50,(anonymous_9)
FNDA:0,(anonymous_10)
FNDA:0,(anonymous_11)
FNDA:21,(anonymous_12)
FNDA:0,(anonymous_13)
FNDA:0,(anonymous_14)
DA:7,4
DA:8,9
DA:9,9
DA:10,9
DA:12,9
DA:13,9
DA:15,9
DA:16,9
DA:17,9
DA:19,9
DA:28,9
DA:37,9
DA:38,3
DA:39,3
DA:41,3
DA:42,3
DA:44,3
DA:45,25
DA:46,25
DA:48,3
DA:49,3
DA:54,9
DA:55,6
DA:56,6
DA:57,6
DA:58,6
DA:59,5
DA:60,5
DA:61,25
DA:62,25
DA:63,14
DA:65,25
DA:66,25
DA:67,25
DA:68,25
DA:69,3
DA:72,5
DA:74,6
DA:75,3
DA:77,6
DA:83,9
DA:84,0
DA:85,0
DA:89,9
DA:90,0
DA:93,0
DA:94,0
DA:95,0
DA:96,0
DA:98,0
DA:99,0
DA:100,0
DA:102,0
DA:103,0
DA:104,0
DA:109,9
DA:110,0
DA:111,0
DA:112,0
DA:113,0
DA:114,0
DA:117,0
DA:118,0
DA:119,0
DA:122,0
DA:128,9
DA:129,50
DA:131,50
DA:140,0
DA:150,0
DA:174,0
DA:178,9
DA:179,3
DA:182,9
DA:183,6
DA:184,6
DA:187,9
DA:201,50
DA:233,0
DA:234,0
DA:235,0
DA:236,0
DA:238,0
DA:260,0
DA:268,21
DA:275,0
DA:284,0
DA:317,4
DA:327,4
LF:89
LH:56
BRDA:38,0,0,3
BRDA:38,0,1,0
BRDA:61,1,0,25
BRDA:61,1,1,0
BRDA:62,2,0,14
BRDA:62,2,1,11
BRDA:68,3,0,3
BRDA:68,3,1,22
BRDA:74,4,0,3
BRDA:74,4,1,3
BRDA:90,5,0,0
BRDA:90,5,1,0
BRDA:90,5,2,0
BRDA:90,5,3,0
BRDA:111,6,0,0
BRDA:111,6,1,0
BRDA:113,7,0,0
BRDA:113,7,1,0
BRDA:118,8,0,0
BRDA:118,8,1,0
BRDA:129,9,0,50
BRDA:129,9,1,0
BRDA:129,9,2,0
BRDA:129,9,3,0
BRDA:134,10,0,50
BRDA:134,10,1,0
BRDA:144,11,0,0
BRDA:144,11,1,0
BRDA:162,12,0,0
BRDA:162,12,1,0
BRDA:165,13,0,0
BRDA:165,13,1,0
BRDA:200,14,0,6
BRDA:200,14,1,3
BRDA:207,15,0,9
BRDA:207,15,1,0
BRDA:218,16,0,0
BRDA:218,16,1,9
BRDA:233,17,0,0
BRDA:233,17,1,0
BRDA:248,18,0,9
BRDA:248,18,1,0
BRDA:258,19,0,2
BRDA:258,19,1,7
BRDA:267,20,0,3
BRDA:267,20,1,6
BRDA:273,21,0,3
BRDA:273,21,1,18
BRDA:274,22,0,21
BRDA:274,22,1,0
BRDA:282,23,0,2
BRDA:282,23,1,7
BRDA:295,24,0,9
BRDA:295,24,1,0
BRDA:304,25,0,0
BRDA:304,25,1,9
BRF:56
BRH:26
end_of_record
TN:
SF:components/Description-Scott/ProductInfo/Price.jsx
FN:5,(anonymous_0)
FN:10,(anonymous_1)
FN:22,(anonymous_2)
FNF:3
FNH:3
FNDA:10,(anonymous_0)
FNDA:4,(anonymous_1)
FNDA:4,(anonymous_2)
DA:5,4
DA:6,10
DA:7,10
DA:8,10
DA:10,10
DA:11,4
DA:13,4
DA:14,1
DA:15,1
DA:17,3
DA:18,3
DA:22,10
DA:24,4
DA:27,10
DA:39,4
DA:48,4
LF:16
LH:16
BRDA:13,0,0,1
BRDA:13,0,1,3
BRDA:29,1,0,2
BRDA:29,1,1,8
BRF:4
BRH:4
end_of_record
TN:
SF:components/Description-Scott/ProductInfo/ProductInfo.jsx
FN:14,(anonymous_0)
FN:25,(anonymous_1)
FN:35,(anonymous_2)
FN:36,(anonymous_3)
FN:52,(anonymous_4)
FN:55,(anonymous_5)
FNF:6
FNH:1
FNDA:2,(anonymous_0)
FNDA:0,(anonymous_1)
FNDA:0,(anonymous_2)
FNDA:0,(anonymous_3)
FNDA:0,(anonymous_4)
FNDA:0,(anonymous_5)
DA:14,4
DA:17,2
DA:19,2
DA:20,2
DA:25,2
DA:26,0
DA:29,2
DA:35,0
DA:36,0
DA:53,0
DA:56,0
DA:77,4
DA:94,4
LF:13
LH:8
BRDA:31,0,0,1
BRDA:31,0,1,1
BRDA:49,1,0,2
BRDA:49,1,1,0
BRDA:63,2,0,0
BRDA:63,2,1,0
BRF:6
BRH:3
end_of_record
TN:
SF:components/Description-Scott/StyleSelector/StyleSelector.jsx
FN:7,(anonymous_0)
FN:12,(anonymous_1)
FN:13,(anonymous_2)
FN:16,(anonymous_3)
FN:35,(anonymous_4)
FN:42,(anonymous_5)
FN:45,(anonymous_6)
FN:53,(anonymous_7)
FN:57,(anonymous_8)
FN:64,(anonymous_9)
FN:86,(anonymous_10)
FN:93,(anonymous_11)
FN:94,(anonymous_12)
FNF:13
FNH:5
FNDA:2,(anonymous_0)
FNDA:0,(anonymous_1)
FNDA:0,(anonymous_2)
FNDA:1,(anonymous_3)
FNDA:1,(anonymous_4)
FNDA:0,(anonymous_5)
FNDA:0,(anonymous_6)
FNDA:1,(anonymous_7)
FNDA:3,(anonymous_8)
FNDA:0,(anonymous_9)
FNDA:0,(anonymous_10)
FNDA:0,(anonymous_11)
FNDA:0,(anonymous_12)
DA:7,4
DA:8,2
DA:10,2
DA:12,2
DA:13,0
DA:16,2
DA:17,1
DA:18,1
DA:19,1
DA:20,1
DA:22,1
DA:23,3
DA:24,3
DA:25,3
DA:26,1
DA:29,1
DA:32,1
DA:35,2
DA:36,1
DA:39,2
DA:43,0
DA:46,0
DA:55,1
DA:58,3
DA:64,0
DA:86,0
DA:93,0
DA:94,0
DA:113,4
LF:29
LH:22
BRDA:25,0,0,1
BRDA:25,0,1,2
BRDA:53,1,0,1
BRDA:53,1,1,1
BRDA:57,2,0,1
BRDA:57,2,1,0
BRDA:59,3,0,3
BRDA:59,3,1,0
BRF:8
BRH:6
end_of_record
TN:
SF:components/QAs-Malcolm/QAs.jsx
FN:9,(anonymous_0)
FN:15,(anonymous_1)
FN:25,(anonymous_2)
FN:26,(anonymous_3)
FN:29,(anonymous_4)
FNF:5
FNH:0
FNDA:0,(anonymous_0)
FNDA:0,(anonymous_1)
FNDA:0,(anonymous_2)
FNDA:0,(anonymous_3)
FNDA:0,(anonymous_4)
DA:9,3
DA:10,0
DA:11,0
DA:12,0
DA:13,0
DA:15,0
DA:16,0
DA:24,0
DA:25,0
DA:26,0
DA:29,0
DA:30,0
DA:31,0
DA:34,0
DA:61,3
LF:15
LH:2
BRDA:46,0,0,0
BRDA:46,0,1,0
BRF:2
BRH:0
end_of_record
TN:
SF:components/QAs-Malcolm/components/AddAnswer.jsx
FN:13,AddAnswer
FN:21,(anonymous_1)
FN:34,(anonymous_2)
FN:42,(anonymous_3)
FN:57,(anonymous_4)
FN:78,(anonymous_5)
FN:96,(anonymous_6)
FN:97,(anonymous_7)
FN:98,(anonymous_8)
FN:120,(anonymous_9)
FN:134,(anonymous_10)
FN:148,(anonymous_11)
FN:165,(anonymous_12)
FN:170,(anonymous_13)
FN:170,(anonymous_14)
FN:171,(anonymous_15)
FN:182,(anonymous_16)
FNF:17
FNH:0
FNDA:0,AddAnswer
FNDA:0,(anonymous_1)
FNDA:0,(anonymous_2)
FNDA:0,(anonymous_3)
FNDA:0,(anonymous_4)
FNDA:0,(anonymous_5)
FNDA:0,(anonymous_6)
FNDA:0,(anonymous_7)
FNDA:0,(anonymous_8)
FNDA:0,(anonymous_9)
FNDA:0,(anonymous_10)
FNDA:0,(anonymous_11)
FNDA:0,(anonymous_12)
FNDA:0,(anonymous_13)
FNDA:0,(anonymous_14)
FNDA:0,(anonymous_15)
FNDA:0,(anonymous_16)
DA:14,0
DA:15,0
DA:16,0
DA:17,0
DA:18,0
DA:19,0
DA:21,0
DA:22,0
DA:23,0
DA:24,0
DA:25,0
DA:26,0
DA:27,0
DA:28,0
DA:30,0
DA:34,0
DA:35,0
DA:36,0
DA:37,0
DA:38,0
DA:39,0
DA:42,0
DA:43,0
DA:44,0
DA:46,0
DA:47,0
DA:49,0
DA:50,0
DA:52,0
DA:53,0
DA:57,0
DA:58,0
DA:59,0
DA:60,0
DA:62,0
DA:63,0
DA:65,0
DA:66,0
DA:68,0
DA:69,0
DA:70,0
DA:71,0
DA:73,0
DA:75,0
DA:78,0
DA:79,0
DA:80,0
DA:81,0
DA:95,0
DA:96,0
DA:97,0
DA:98,0
DA:100,0
DA:104,0
DA:120,0
DA:134,0
DA:148,0
DA:165,0
DA:170,0
DA:171,0
DA:182,0
DA:197,3
LF:62
LH:1
BRDA:23,0,0,0
BRDA:23,0,1,0
BRDA:43,1,0,0
BRDA:43,1,1,0
BRDA:46,2,0,0
BRDA:46,2,1,0
BRDA:49,3,0,0
BRDA:49,3,1,0
BRDA:52,4,0,0
BRDA:52,4,1,0
BRDA:59,5,0,0
BRDA:59,5,1,0
BRDA:62,6,0,0
BRDA:62,6,1,0
BRDA:65,7,0,0
BRDA:65,7,1,0
BRDA:68,8,0,0
BRDA:68,8,1,0
BRDA:80,9,0,0
BRDA:80,9,1,0
BRDA:170,10,0,0
BRDA:170,10,1,0
BRDA:171,11,0,0
BRDA:171,11,1,0
BRF:24
BRH:0
end_of_record
TN:
SF:components/QAs-Malcolm/components/AddMore.jsx
FN:9,AddMore
FN:14,(anonymous_1)
FN:29,(anonymous_2)
FN:32,(anonymous_3)
FN:36,(anonymous_4)
FNF:5
FNH:0
FNDA:0,AddMore
FNDA:0,(anonymous_1)
FNDA:0,(anonymous_2)
FNDA:0,(anonymous_3)
FNDA:0,(anonymous_4)
DA:12,0
DA:14,0
DA:15,0
DA:16,0
DA:17,0
DA:19,0
DA:20,0
DA:21,0
DA:25,0
DA:29,0
DA:32,0
DA:36,0
DA:46,3
LF:13
LH:1
BRDA:15,0,0,0
BRDA:15,0,1,0
BRDA:19,1,0,0
BRDA:19,1,1,0
BRF:4
BRH:0
end_of_record
TN:
SF:components/QAs-Malcolm/components/AddQuestion.jsx
FN:13,AddQuestion
FN:18,(anonymous_1)
FN:30,(anonymous_2)
FN:51,(anonymous_3)
FN:69,(anonymous_4)
FN:70,(anonymous_5)
FN:94,(anonymous_6)
FN:107,(anonymous_7)
FN:121,(anonymous_8)
FN:134,(anonymous_9)
FNF:10
FNH:0
FNDA:0,AddQuestion
FNDA:0,(anonymous_1)
FNDA:0,(anonymous_2)
FNDA:0,(anonymous_3)
FNDA:0,(anonymous_4)
FNDA:0,(anonymous_5)
FNDA:0,(anonymous_6)
FNDA:0,(anonymous_7)
FNDA:0,(anonymous_8)
FNDA:0,(anonymous_9)
DA:14,0
DA:15,0
DA:16,0
DA:18,0
DA:19,0
DA:20,0
DA:22,0
DA:23,0
DA:25,0
DA:26,0
DA:30,0
DA:31,0
DA:32,0
DA:33,0
DA:35,0
DA:36,0
DA:38,0
DA:39,0
DA:41,0
DA:42,0
DA:43,0
DA:44,0
DA:46,0
DA:48,0
DA:51,0
DA:52,0
DA:53,0
DA:54,0
DA:68,0
DA:69,0
DA:70,0
DA:72,0
DA:76,0
DA:94,0
DA:107,0
DA:121,0
DA:134,0
DA:149,3
LF:38
LH:1
BRDA:19,0,0,0
BRDA:19,0,1,0
BRDA:22,1,0,0
BRDA:22,1,1,0
BRDA:25,2,0,0
BRDA:25,2,1,0
BRDA:32,3,0,0
BRDA:32,3,1,0
BRDA:35,4,0,0
BRDA:35,4,1,0
BRDA:38,5,0,0
BRDA:38,5,1,0
BRDA:41,6,0,0
BRDA:41,6,1,0
BRDA:53,7,0,0
BRDA:53,7,1,0
BRF:16
BRH:0
end_of_record
TN:
SF:components/QAs-Malcolm/components/ImageModal.jsx
FN:7,ImageModal
FNF:1
FNH:0
FNDA:0,ImageModal
DA:12,0
LF:1
LH:0
BRF:0
BRH:0
end_of_record
TN:
SF:components/QAs-Malcolm/components/Q.jsx
FN:17,Q
FN:33,(anonymous_1)
FN:46,(anonymous_2)
FN:68,(anonymous_3)
FN:72,(anonymous_4)
FN:89,(anonymous_5)
FN:90,(anonymous_6)
FN:93,(anonymous_7)
FN:102,(anonymous_8)
FN:103,(anonymous_9)
FN:106,(anonymous_10)
FN:129,(anonymous_11)
FN:144,(anonymous_12)
FN:152,(anonymous_13)
FN:157,(anonymous_14)
FN:193,(anonymous_15)
FN:200,(anonymous_16)
FN:208,(anonymous_17)
FN:230,(anonymous_18)
FN:239,(anonymous_19)
FN:243,(anonymous_20)
FN:251,(anonymous_21)
FN:271,(anonymous_22)
FN:275,(anonymous_23)
FNF:24
FNH:0
FNDA:0,Q
FNDA:0,(anonymous_1)
FNDA:0,(anonymous_2)
FNDA:0,(anonymous_3)
FNDA:0,(anonymous_4)
FNDA:0,(anonymous_5)
FNDA:0,(anonymous_6)
FNDA:0,(anonymous_7)
FNDA:0,(anonymous_8)
FNDA:0,(anonymous_9)
FNDA:0,(anonymous_10)
FNDA:0,(anonymous_11)
FNDA:0,(anonymous_12)
FNDA:0,(anonymous_13)
FNDA:0,(anonymous_14)
FNDA:0,(anonymous_15)
FNDA:0,(anonymous_16)
FNDA:0,(anonymous_17)
FNDA:0,(anonymous_18)
FNDA:0,(anonymous_19)
FNDA:0,(anonymous_20)
FNDA:0,(anonymous_21)
FNDA:0,(anonymous_22)
FNDA:0,(anonymous_23)
DA:18,0
DA:19,0
DA:20,0
DA:21,0
DA:22,0
DA:23,0
DA:24,0
DA:25,0
DA:26,0
DA:27,0
DA:28,0
DA:29,0
DA:31,0
DA:33,0
DA:34,0
DA:35,0
DA:36,0
DA:37,0
DA:38,0
DA:40,0
DA:42,0
DA:43,0
DA:46,0
DA:47,0
DA:48,0
DA:49,0
DA:51,0
DA:52,0
DA:56,0
DA:57,0
DA:58,0
DA:59,0
DA:60,0
DA:63,0
DA:64,0
DA:65,0
DA:68,0
DA:69,0
DA:72,0
DA:73,0
DA:75,0
DA:76,0
DA:77,0
DA:79,0
DA:81,0
DA:88,0
DA:89,0
DA:90,0
DA:93,0
DA:94,0
DA:101,0
DA:102,0
DA:103,0
DA:106,0
DA:107,0
DA:112,0
DA:114,0
DA:119,0
DA:123,0
DA:129,0
DA:131,0
DA:145,0
DA:152,0
DA:157,0
DA:193,0
DA:200,0
DA:208,0
DA:209,0
DA:230,0
DA:239,0
DA:243,0
DA:251,0
DA:252,0
DA:253,0
DA:257,0
DA:272,0
DA:273,0
DA:276,0
DA:289,3
DA:324,3
LF:80
LH:2
BRDA:31,0,0,0
BRDA:31,0,1,0
BRDA:37,1,0,0
BRDA:37,1,1,0
BRDA:48,2,0,0
BRDA:48,2,1,0
BRDA:51,3,0,0
BRDA:51,3,1,0
BRDA:57,4,0,0
BRDA:57,4,1,0
BRDA:76,5,0,0
BRDA:76,5,1,0
BRDA:131,6,0,0
BRDA:131,6,1,0
BRDA:144,7,0,0
BRDA:144,7,1,0
BRDA:169,8,0,0
BRDA:169,8,1,0
BRDA:182,9,0,0
BRDA:182,9,1,0
BRDA:217,10,0,0
BRDA:217,10,1,0
BRDA:263,11,0,0
BRDA:263,11,1,0
BRDA:266,12,0,0
BRDA:266,12,1,0
BRF:26
BRH:0
end_of_record
TN:
SF:components/QAs-Malcolm/components/Questions.jsx
FN:6,Questions
FN:10,(anonymous_1)
FNF:2
FNH:0
FNDA:0,Questions
FNDA:0,(anonymous_1)
DA:8,0
DA:11,0
DA:26,3
DA:54,3
LF:4
LH:2
BRF:0
BRH:0
end_of_record
TN:
SF:components/QAs-Malcolm/components/SearchBar.jsx
FN:6,QASearchBar
FN:9,(anonymous_1)
FN:13,(anonymous_2)
FN:17,(anonymous_3)
FN:29,(anonymous_4)
FNF:5
FNH:0
FNDA:0,QASearchBar
FNDA:0,(anonymous_1)
FNDA:0,(anonymous_2)
FNDA:0,(anonymous_3)
FNDA:0,(anonymous_4)
DA:7,0
DA:9,0
DA:11,0
DA:13,0
DA:17,0
DA:18,0
DA:21,0
DA:29,0
DA:41,3
LF:9
LH:1
BRDA:11,0,0,0
BRDA:11,0,1,0
BRF:2
BRH:0
end_of_record
TN:
SF:components/Reviews-Jim/Reviews.jsx
FN:13,(anonymous_0)
FN:25,(anonymous_1)
FN:41,(anonymous_2)
FN:44,(anonymous_3)
FN:47,(anonymous_4)
FN:50,(anonymous_5)
FN:53,(anonymous_6)
FN:64,(anonymous_7)
FN:67,(anonymous_8)
FN:70,(anonymous_9)
FN:75,(anonymous_10)
FNF:11
FNH:1
FNDA:2,(anonymous_0)
FNDA:0,(anonymous_1)
FNDA:0,(anonymous_2)
FNDA:0,(anonymous_3)
FNDA:0,(anonymous_4)
FNDA:0,(anonymous_5)
FNDA:0,(anonymous_6)
FNDA:0,(anonymous_7)
FNDA:0,(anonymous_8)
FNDA:0,(anonymous_9)
FNDA:0,(anonymous_10)
DA:13,3
DA:17,2
DA:18,2
DA:19,2
DA:20,2
DA:21,2
DA:22,2
DA:23,2
DA:25,2
DA:26,0
DA:28,0
DA:29,0
DA:32,0
DA:40,0
DA:42,0
DA:45,0
DA:48,0
DA:50,0
DA:53,2
DA:54,0
DA:55,0
DA:63,0
DA:65,0
DA:67,0
DA:70,2
DA:71,0
DA:72,0
DA:75,2
DA:76,0
DA:77,0
DA:80,2
DA:119,3
DA:127,3
LF:33
LH:15
BRDA:25,0,0,0
BRDA:28,1,0,0
BRDA:28,1,1,0
BRDA:85,2,0,0
BRDA:85,2,1,2
BRDA:85,3,0,2
BRDA:85,3,1,0
BRDA:96,4,0,0
BRDA:96,4,1,2
BRDA:96,5,0,2
BRDA:96,5,1,0
BRF:11
BRH:4
end_of_record
TN:
SF:components/Reviews-Jim/components/ImageModal.jsx
FN:7,ImageModal
FNF:1
FNH:1
FNDA:8,ImageModal
DA:8,8
LF:1
LH:1
BRF:0
BRH:0
end_of_record
TN:
SF:components/Reviews-Jim/components/NewReviewForm.jsx
FN:12,(anonymous_0)
FN:28,(anonymous_1)
FN:40,(anonymous_2)
FN:53,(anonymous_3)
FN:61,(anonymous_4)
FN:67,(anonymous_5)
FN:70,(anonymous_6)
FN:81,(anonymous_7)
FN:92,(anonymous_8)
FN:103,(anonymous_9)
FN:114,(anonymous_10)
FN:125,(anonymous_11)
FN:136,(anonymous_12)
FN:161,(anonymous_13)
FN:166,(anonymous_14)
FN:196,(anonymous_15)
FN:220,(anonymous_16)
FN:223,(anonymous_17)
FN:226,(anonymous_18)
FN:229,(anonymous_19)
FN:261,(anonymous_20)
FN:264,(anonymous_21)
FN:273,(anonymous_22)
FN:274,(anonymous_23)
FN:280,(anonymous_24)
FN:290,(anonymous_25)
FN:298,(anonymous_26)
FN:308,(anonymous_27)
FN:313,(anonymous_28)
FN:313,(anonymous_29)
FN:314,(anonymous_30)
FN:325,(anonymous_31)
FN:330,(anonymous_32)
FN:336,(anonymous_33)
FN:337,(anonymous_34)
FNF:35
FNH:5
FNDA:6,(anonymous_0)
FNDA:0,(anonymous_1)
FNDA:0,(anonymous_2)
FNDA:0,(anonymous_3)
FNDA:0,(anonymous_4)
FNDA:8,(anonymous_5)
FNDA:0,(anonymous_6)
FNDA:0,(anonymous_7)
FNDA:0,(anonymous_8)
FNDA:0,(anonymous_9)
FNDA:0,(anonymous_10)
FNDA:0,(anonymous_11)
FNDA:1,(anonymous_12)
FNDA:1,(anonymous_13)
FNDA:0,(anonymous_14)
FNDA:0,(anonymous_15)
FNDA:0,(anonymous_16)
FNDA:0,(anonymous_17)
FNDA:0,(anonymous_18)
FNDA:0,(anonymous_19)
FNDA:0,(anonymous_20)
FNDA:0,(anonymous_21)
FNDA:0,(anonymous_22)
FNDA:0,(anonymous_23)
FNDA:8,(anonymous_24)
FNDA:0,(anonymous_25)
FNDA:0,(anonymous_26)
FNDA:0,(anonymous_27)
FNDA:0,(anonymous_28)
FNDA:0,(anonymous_29)
FNDA:0,(anonymous_30)
FNDA:0,(anonymous_31)
FNDA:0,(anonymous_32)
FNDA:0,(anonymous_33)
FNDA:0,(anonymous_34)
DA:12,3
DA:15,6
DA:16,6
DA:17,6
DA:18,6
DA:19,6
DA:20,6
DA:21,6
DA:22,6
DA:23,6
DA:24,6
DA:25,6
DA:26,6
DA:28,6
DA:29,0
DA:30,0
DA:31,0
DA:32,0
DA:33,0
DA:34,0
DA:35,0
DA:36,0
DA:37,0
DA:40,6
DA:41,0
DA:42,0
DA:43,0
DA:44,0
DA:45,0
DA:46,0
DA:47,0
DA:49,0
DA:53,6
DA:54,0
DA:55,0
DA:56,0
DA:57,0
DA:58,0
DA:61,6
DA:62,0
DA:63,0
DA:64,0
DA:67,6
DA:68,8
DA:69,0
DA:70,0
DA:79,8
DA:80,0
DA:81,0
DA:90,8
DA:91,2
DA:92,0
DA:101,6
DA:102,2
DA:103,0
DA:112,4
DA:113,2
DA:114,0
DA:123,2
DA:124,2
DA:125,0
DA:136,6
DA:137,1
DA:139,0
DA:140,0
DA:142,0
DA:143,0
DA:145,0
DA:146,0
DA:148,0
DA:149,0
DA:151,0
DA:152,0
DA:154,0
DA:155,0
DA:157,1
DA:161,6
DA:162,1
DA:163,1
DA:166,6
DA:167,0
DA:168,0
DA:169,0
DA:171,0
DA:172,0
DA:174,0
DA:175,0
DA:177,0
DA:178,0
DA:180,0
DA:181,0
DA:183,0
DA:184,0
DA:186,0
DA:187,0
DA:188,0
DA:189,0
DA:191,0
DA:193,0
DA:196,6
DA:197,0
DA:198,0
DA:199,0
DA:219,0
DA:221,0
DA:224,0
DA:227,0
DA:229,0
DA:231,0
DA:235,6
DA:262,0
DA:265,0
DA:273,0
DA:274,0
DA:281,8
DA:290,0
DA:298,0
DA:308,0
DA:313,0
DA:314,0
DA:325,0
DA:330,0
DA:336,0
DA:337,0
DA:343,3
LF:125
LH:39
BRDA:42,0,0,0
BRDA:42,0,1,0
BRDA:68,1,0,0
BRDA:68,1,1,8
BRDA:79,2,0,0
BRDA:79,2,1,8
BRDA:90,3,0,2
BRDA:90,3,1,6
BRDA:101,4,0,2
BRDA:101,4,1,4
BRDA:112,5,0,2
BRDA:112,5,1,2
BRDA:123,6,0,2
BRDA:123,6,1,0
BRDA:137,7,0,0
BRDA:137,7,1,0
BRDA:137,7,2,0
BRDA:137,7,3,0
BRDA:137,7,4,0
BRDA:137,7,5,0
BRDA:137,7,6,1
BRDA:138,8,0,1
BRDA:138,8,1,1
BRDA:168,9,0,0
BRDA:168,9,1,0
BRDA:171,10,0,0
BRDA:171,10,1,0
BRDA:174,11,0,0
BRDA:174,11,1,0
BRDA:177,12,0,0
BRDA:177,12,1,0
BRDA:177,13,0,0
BRDA:177,13,1,0
BRDA:180,14,0,0
BRDA:180,14,1,0
BRDA:183,15,0,0
BRDA:183,15,1,0
BRDA:186,16,0,0
BRDA:186,16,1,0
BRDA:198,17,0,0
BRDA:198,17,1,0
BRDA:313,18,0,0
BRDA:313,18,1,6
BRDA:314,19,0,6
BRDA:314,19,1,0
BRF:45
BRH:14
end_of_record
TN:
SF:components/Reviews-Jim/components/ProductBreakdown.jsx
FN:4,(anonymous_0)
FN:6,(anonymous_1)
FNF:2
FNH:0
FNDA:0,(anonymous_0)
FNDA:0,(anonymous_1)
DA:4,3
DA:6,0
DA:7,0
DA:10,0
DA:12,0
LF:5
LH:1
BRDA:14,0,0,0
BRDA:14,0,1,0
BRDA:32,1,0,0
BRDA:32,1,1,0
BRDA:50,2,0,0
BRDA:50,2,1,0
BRDA:68,3,0,0
BRDA:68,3,1,0
BRDA:86,4,0,0
BRDA:86,4,1,0
BRDA:104,5,0,0
BRDA:104,5,1,0
BRF:12
BRH:0
end_of_record
TN:
SF:components/Reviews-Jim/components/RatingBreakdown.jsx
FN:12,(anonymous_0)
FN:17,(anonymous_1)
FN:19,(anonymous_2)
FN:22,(anonymous_3)
FN:36,(anonymous_4)
FN:50,(anonymous_5)
FN:56,(anonymous_6)
FN:76,(anonymous_7)
FN:92,(anonymous_8)
FN:108,(anonymous_9)
FN:124,(anonymous_10)
FN:141,(anonymous_11)
FNF:12
FNH:0
FNDA:0,(anonymous_0)
FNDA:0,(anonymous_1)
FNDA:0,(anonymous_2)
FNDA:0,(anonymous_3)
FNDA:0,(anonymous_4)
FNDA:0,(anonymous_5)
FNDA:0,(anonymous_6)
FNDA:0,(anonymous_7)
FNDA:0,(anonymous_8)
FNDA:0,(anonymous_9)
FNDA:0,(anonymous_10)
FNDA:0,(anonymous_11)
DA:6,3
DA:12,3
DA:15,0
DA:16,0
DA:17,0
DA:19,0
DA:20,0
DA:21,0
DA:22,0
DA:23,0
DA:30,0
DA:31,0
DA:33,0
DA:36,0
DA:37,0
DA:38,0
DA:39,0
DA:40,0
DA:41,0
DA:42,0
DA:44,0
DA:45,0
DA:46,0
DA:50,0
DA:51,0
DA:54,0
DA:56,0
DA:76,0
DA:92,0
DA:108,0
DA:124,0
DA:141,0
DA:157,3
DA:170,3
LF:34
LH:4
BRDA:39,0,0,0
BRDA:39,0,1,0
BRDA:39,1,0,0
BRDA:39,1,1,0
BRDA:58,2,0,0
BRDA:58,2,1,0
BRDA:65,3,0,0
BRDA:65,3,1,0
BRDA:78,4,0,0
BRDA:78,4,1,0
BRDA:81,5,0,0
BRDA:81,5,1,0
BRDA:94,6,0,0
BRDA:94,6,1,0
BRDA:97,7,0,0
BRDA:97,7,1,0
BRDA:110,8,0,0
BRDA:110,8,1,0
BRDA:113,9,0,0
BRDA:113,9,1,0
BRDA:126,10,0,0
BRDA:126,10,1,0
BRDA:129,11,0,0
BRDA:129,11,1,0
BRDA:140,12,0,0
BRDA:140,12,1,0
BRF:26
BRH:0
end_of_record
TN:
SF:components/Reviews-Jim/components/Review.jsx
FN:9,(anonymous_0)
FN:46,(anonymous_1)
FN:46,(anonymous_2)
FN:51,(anonymous_3)
FN:51,(anonymous_4)
FN:74,(anonymous_5)
FN:80,(anonymous_6)
FN:88,(anonymous_7)
FNF:8
FNH:2
FNDA:8,(anonymous_0)
FNDA:0,(anonymous_1)
FNDA:0,(anonymous_2)
FNDA:12,(anonymous_3)
FNDA:0,(anonymous_4)
FNDA:0,(anonymous_5)
FNDA:0,(anonymous_6)
FNDA:0,(anonymous_7)
DA:9,3
DA:10,8
DA:11,8
DA:12,8
DA:13,8
DA:15,8
DA:16,8
DA:17,8
DA:18,8
DA:19,8
DA:21,8
DA:46,0
DA:51,12
DA:74,0
DA:80,0
DA:88,0
DA:94,3
DA:112,3
LF:18
LH:14
BRDA:37,0,0,4
BRDA:37,0,1,4
BRDA:46,1,0,4
BRDA:46,1,1,0
BRDA:53,2,0,8
BRDA:53,2,1,0
BRDA:54,3,0,4
BRDA:54,3,1,4
BRDA:64,4,0,0
BRDA:64,4,1,8
BRF:10
BRH:7
end_of_record
TN:
SF:components/Reviews-Jim/components/ReviewsBreakdown.jsx
FN:9,(anonymous_0)
FN:15,(anonymous_1)
FN:32,(anonymous_2)
FN:47,(anonymous_3)
FNF:4
FNH:0
FNDA:0,(anonymous_0)
FNDA:0,(anonymous_1)
FNDA:0,(anonymous_2)
FNDA:0,(anonymous_3)
DA:9,3
DA:12,0
DA:13,0
DA:15,0
DA:16,0
DA:17,0
DA:18,0
DA:20,0
DA:21,0
DA:22,0
DA:23,0
DA:24,0
DA:25,0
DA:26,0
DA:28,0
DA:29,0
DA:32,0
DA:33,0
DA:34,0
DA:36,0
DA:37,0
DA:39,0
DA:40,0
DA:41,0
DA:42,0
DA:44,0
DA:47,0
DA:48,0
DA:49,0
DA:52,0
DA:78,3
DA:97,3
LF:32
LH:3
BRDA:16,0,0,0
BRDA:16,0,1,0
BRDA:33,1,0,0
BRDA:33,1,1,0
BRDA:36,2,0,0
BRDA:36,2,1,0
BRDA:60,3,0,0
BRDA:60,3,1,0
BRF:8
BRH:0
end_of_record
TN:
SF:components/Reviews-Jim/components/ReviewsList.jsx
FN:12,(anonymous_0)
FN:22,(anonymous_1)
FN:34,(anonymous_2)
FN:48,(anonymous_3)
FN:68,(anonymous_4)
FN:71,(anonymous_5)
FN:74,(anonymous_6)
FN:77,(anonymous_7)
FN:80,(anonymous_8)
FN:85,(anonymous_9)
FN:99,(anonymous_10)
FN:107,(anonymous_11)
FN:110,(anonymous_12)
FN:111,(anonymous_13)
FN:112,(anonymous_14)
FN:117,(anonymous_15)
FNF:16
FNH:7
FNDA:7,(anonymous_0)
FNDA:3,(anonymous_1)
FNDA:1,(anonymous_2)
FNDA:0,(anonymous_3)
FNDA:0,(anonymous_4)
FNDA:0,(anonymous_5)
FNDA:0,(anonymous_6)
FNDA:0,(anonymous_7)
FNDA:2,(anonymous_8)
FNDA:1,(anonymous_9)
FNDA:0,(anonymous_10)
FNDA:8,(anonymous_11)
FNDA:1,(anonymous_12)
FNDA:0,(anonymous_13)
FNDA:0,(anonymous_14)
FNDA:0,(anonymous_15)
DA:12,3
DA:17,7
DA:18,7
DA:19,7
DA:20,7
DA:22,7
DA:23,3
DA:24,3
DA:25,3
DA:26,8
DA:28,3
DA:30,0
DA:34,7
DA:35,1
DA:36,0
DA:37,0
DA:38,0
DA:39,0
DA:42,0
DA:44,1
DA:48,7
DA:49,0
DA:50,0
DA:52,0
DA:53,0
DA:55,0
DA:56,0
DA:59,0
DA:67,0
DA:69,0
DA:72,0
DA:75,0
DA:77,0
DA:80,7
DA:81,2
DA:82,2
DA:85,7
DA:86,1
DA:89,7
DA:99,0
DA:107,8
DA:110,1
DA:111,0
DA:112,0
DA:117,0
DA:125,3
DA:157,3
LF:47
LH:25
BRDA:24,0,0,3
BRDA:24,0,1,0
BRDA:35,1,0,0
BRDA:35,1,1,1
BRDA:38,2,0,0
BRDA:38,2,1,0
BRDA:52,3,0,0
BRDA:52,3,1,0
BRDA:55,4,0,0
BRDA:55,4,1,0
BRDA:75,5,0,0
BRDA:75,5,1,0
BRDA:109,6,0,1
BRDA:109,6,1,6
BRDA:110,7,0,1
BRDA:110,7,1,6
BRDA:110,8,0,7
BRDA:110,8,1,6
BRDA:111,9,0,1
BRDA:111,9,1,6
BRF:20
BRH:10
end_of_record
TN:
SF:components/Reviews-Jim/components/Stars.jsx
FN:5,(anonymous_0)
FNF:1
FNH:1
FNDA:1,(anonymous_0)
DA:5,4
DA:6,1
DA:11,4
DA:17,4
LF:4
LH:4
BRF:0
BRH:0
end_of_record
TN:
SF:pages/index.jsx
FN:18,(anonymous_0)
FN:29,(anonymous_1)
FN:45,(anonymous_2)
FN:47,(anonymous_3)
FN:59,(anonymous_4)
FN:109,(anonymous_5)
FN:117,(anonymous_6)
FN:125,(anonymous_7)
FNF:8
FNH:0
FNDA:0,(anonymous_0)
FNDA:0,(anonymous_1)
FNDA:0,(anonymous_2)
FNDA:0,(anonymous_3)
FNDA:0,(anonymous_4)
FNDA:0,(anonymous_5)
FNDA:0,(anonymous_6)
FNDA:0,(anonymous_7)
DA:18,3
DA:19,0
DA:20,0
DA:21,0
DA:22,0
DA:23,0
DA:24,0
DA:25,0
DA:27,0
DA:29,0
DA:30,0
DA:31,0
DA:32,0
DA:33,0
DA:34,0
DA:35,0
DA:36,0
DA:37,0
DA:38,0
DA:39,0
DA:42,0
DA:45,0
DA:46,0
DA:47,0
DA:48,0
DA:51,0
DA:54,0
DA:56,0
DA:59,0
DA:60,0
DA:63,0
DA:111,0
DA:117,0
DA:125,0
LF:34
LH:1
BRDA:38,0,0,0
BRDA:38,0,1,0
BRDA:48,1,0,0
BRDA:48,1,1,0
BRDA:48,2,0,0
BRDA:48,2,1,0
BRDA:48,2,2,0
BRDA:65,3,0,0
BRDA:65,3,1,0
BRDA:101,4,0,0
BRDA:101,4,1,0
BRDA:109,5,0,0
BRDA:109,5,1,0
BRF:13
BRH:0
end_of_record
